{"/home/cmatzenbach/Projects/node-sql-parser/src/index-definition.js":{"path":"/home/cmatzenbach/Projects/node-sql-parser/src/index-definition.js","statementMap":{"0":{"start":{"line":11,"column":2},"end":{"line":11,"column":27}},"1":{"start":{"line":11,"column":18},"end":{"line":11,"column":27}},"2":{"start":{"line":12,"column":28},"end":{"line":12,"column":37}},"3":{"start":{"line":13,"column":2},"end":{"line":13,"column":47}},"4":{"start":{"line":17,"column":2},"end":{"line":17,"column":23}},"5":{"start":{"line":17,"column":17},"end":{"line":17,"column":23}},"6":{"start":{"line":18,"column":33},"end":{"line":18,"column":41}},"7":{"start":{"line":19,"column":20},"end":{"line":19,"column":38}},"8":{"start":{"line":20,"column":24},"end":{"line":20,"column":26}},"9":{"start":{"line":21,"column":2},"end":{"line":21,"column":31}},"10":{"start":{"line":22,"column":2},"end":{"line":48,"column":3}},"11":{"start":{"line":24,"column":6},"end":{"line":24,"column":44}},"12":{"start":{"line":24,"column":18},"end":{"line":24,"column":44}},"13":{"start":{"line":25,"column":6},"end":{"line":25,"column":44}},"14":{"start":{"line":26,"column":6},"end":{"line":26,"column":11}},"15":{"start":{"line":29,"column":6},"end":{"line":29,"column":30}},"16":{"start":{"line":30,"column":6},"end":{"line":30,"column":53}},"17":{"start":{"line":31,"column":6},"end":{"line":31,"column":11}},"18":{"start":{"line":33,"column":6},"end":{"line":33,"column":30}},"19":{"start":{"line":34,"column":6},"end":{"line":34,"column":11}},"20":{"start":{"line":37,"column":6},"end":{"line":37,"column":11}},"21":{"start":{"line":39,"column":6},"end":{"line":39,"column":27}},"22":{"start":{"line":40,"column":6},"end":{"line":40,"column":48}},"23":{"start":{"line":41,"column":6},"end":{"line":41,"column":11}},"24":{"start":{"line":43,"column":6},"end":{"line":43,"column":81}},"25":{"start":{"line":44,"column":6},"end":{"line":44,"column":11}},"26":{"start":{"line":46,"column":6},"end":{"line":46,"column":52}},"27":{"start":{"line":47,"column":6},"end":{"line":47,"column":11}},"28":{"start":{"line":49,"column":2},"end":{"line":49,"column":47}},"29":{"start":{"line":53,"column":2},"end":{"line":53,"column":30}},"30":{"start":{"line":53,"column":21},"end":{"line":53,"column":30}},"31":{"start":{"line":54,"column":2},"end":{"line":54,"column":43}},"32":{"start":{"line":64,"column":6},"end":{"line":64,"column":21}},"33":{"start":{"line":65,"column":19},"end":{"line":65,"column":21}},"34":{"start":{"line":66,"column":2},"end":{"line":66,"column":45}},"35":{"start":{"line":67,"column":2},"end":{"line":70,"column":3}},"36":{"start":{"line":68,"column":26},"end":{"line":68,"column":153}},"37":{"start":{"line":68,"column":124},"end":{"line":68,"column":138}},"38":{"start":{"line":69,"column":4},"end":{"line":69,"column":32}},"39":{"start":{"line":71,"column":2},"end":{"line":71,"column":61}},"40":{"start":{"line":72,"column":2},"end":{"line":72,"column":84}},"41":{"start":{"line":72,"column":16},"end":{"line":72,"column":84}},"42":{"start":{"line":73,"column":2},"end":{"line":73,"column":37}},"43":{"start":{"line":73,"column":10},"end":{"line":73,"column":37}},"44":{"start":{"line":74,"column":2},"end":{"line":74,"column":17}},"45":{"start":{"line":78,"column":19},"end":{"line":78,"column":21}},"46":{"start":{"line":79,"column":29},"end":{"line":79,"column":44}},"47":{"start":{"line":80,"column":2},"end":{"line":80,"column":33}},"48":{"start":{"line":81,"column":2},"end":{"line":81,"column":22}},"49":{"start":{"line":82,"column":2},"end":{"line":82,"column":60}},"50":{"start":{"line":83,"column":2},"end":{"line":83,"column":42}}},"fnMap":{"0":{"name":"indexTypeToSQL","decl":{"start":{"line":10,"column":9},"end":{"line":10,"column":23}},"loc":{"start":{"line":10,"column":35},"end":{"line":14,"column":1}},"line":10},"1":{"name":"indexOptionToSQL","decl":{"start":{"line":16,"column":9},"end":{"line":16,"column":25}},"loc":{"start":{"line":16,"column":36},"end":{"line":50,"column":1}},"line":16},"2":{"name":"indexOptionListToSQL","decl":{"start":{"line":52,"column":9},"end":{"line":52,"column":29}},"loc":{"start":{"line":52,"column":44},"end":{"line":55,"column":1}},"line":52},"3":{"name":"indexTypeAndOptionToSQL","decl":{"start":{"line":57,"column":9},"end":{"line":57,"column":32}},"loc":{"start":{"line":57,"column":50},"end":{"line":75,"column":1}},"line":57},"4":{"name":"(anonymous_4)","decl":{"start":{"line":68,"column":117},"end":{"line":68,"column":118}},"loc":{"start":{"line":68,"column":124},"end":{"line":68,"column":138}},"line":68},"5":{"name":"indexDefinitionToSQL","decl":{"start":{"line":77,"column":9},"end":{"line":77,"column":29}},"loc":{"start":{"line":77,"column":47},"end":{"line":84,"column":1}},"line":77}},"branchMap":{"0":{"loc":{"start":{"line":11,"column":2},"end":{"line":11,"column":27}},"type":"if","locations":[{"start":{"line":11,"column":2},"end":{"line":11,"column":27}},{"start":{"line":11,"column":2},"end":{"line":11,"column":27}}],"line":11},"1":{"loc":{"start":{"line":17,"column":2},"end":{"line":17,"column":23}},"type":"if","locations":[{"start":{"line":17,"column":2},"end":{"line":17,"column":23}},{"start":{"line":17,"column":2},"end":{"line":17,"column":23}}],"line":17},"2":{"loc":{"start":{"line":22,"column":2},"end":{"line":48,"column":3}},"type":"switch","locations":[{"start":{"line":23,"column":4},"end":{"line":26,"column":11}},{"start":{"line":27,"column":4},"end":{"line":27,"column":17}},{"start":{"line":28,"column":4},"end":{"line":31,"column":11}},{"start":{"line":32,"column":4},"end":{"line":34,"column":11}},{"start":{"line":35,"column":4},"end":{"line":35,"column":19}},{"start":{"line":36,"column":4},"end":{"line":37,"column":11}},{"start":{"line":38,"column":4},"end":{"line":41,"column":11}},{"start":{"line":42,"column":4},"end":{"line":44,"column":11}},{"start":{"line":45,"column":4},"end":{"line":47,"column":11}}],"line":22},"3":{"loc":{"start":{"line":24,"column":6},"end":{"line":24,"column":44}},"type":"if","locations":[{"start":{"line":24,"column":6},"end":{"line":24,"column":44}},{"start":{"line":24,"column":6},"end":{"line":24,"column":44}}],"line":24},"4":{"loc":{"start":{"line":53,"column":2},"end":{"line":53,"column":30}},"type":"if","locations":[{"start":{"line":53,"column":2},"end":{"line":53,"column":30}},{"start":{"line":53,"column":2},"end":{"line":53,"column":30}}],"line":53},"5":{"loc":{"start":{"line":61,"column":19},"end":{"line":61,"column":36}},"type":"default-arg","locations":[{"start":{"line":61,"column":34},"end":{"line":61,"column":36}}],"line":61},"6":{"loc":{"start":{"line":67,"column":2},"end":{"line":70,"column":3}},"type":"if","locations":[{"start":{"line":67,"column":2},"end":{"line":70,"column":3}},{"start":{"line":67,"column":2},"end":{"line":70,"column":3}}],"line":67},"7":{"loc":{"start":{"line":67,"column":6},"end":{"line":67,"column":37}},"type":"binary-expr","locations":[{"start":{"line":67,"column":6},"end":{"line":67,"column":16}},{"start":{"line":67,"column":20},"end":{"line":67,"column":37}}],"line":67},"8":{"loc":{"start":{"line":68,"column":26},"end":{"line":68,"column":153}},"type":"cond-expr","locations":[{"start":{"line":68,"column":64},"end":{"line":68,"column":95}},{"start":{"line":68,"column":98},"end":{"line":68,"column":153}}],"line":68},"9":{"loc":{"start":{"line":72,"column":2},"end":{"line":72,"column":84}},"type":"if","locations":[{"start":{"line":72,"column":2},"end":{"line":72,"column":84}},{"start":{"line":72,"column":2},"end":{"line":72,"column":84}}],"line":72},"10":{"loc":{"start":{"line":73,"column":2},"end":{"line":73,"column":37}},"type":"if","locations":[{"start":{"line":73,"column":2},"end":{"line":73,"column":37}},{"start":{"line":73,"column":2},"end":{"line":73,"column":37}}],"line":73}},"s":{"0":172,"1":134,"2":38,"3":38,"4":149,"5":1,"6":148,"7":148,"8":148,"9":148,"10":148,"11":49,"12":34,"13":49,"14":49,"15":8,"16":8,"17":8,"18":26,"19":26,"20":38,"21":14,"22":14,"23":14,"24":2,"25":2,"26":11,"27":11,"28":148,"29":170,"30":66,"31":104,"32":140,"33":140,"34":140,"35":140,"36":137,"37":182,"38":137,"39":140,"40":140,"41":1,"42":140,"43":1,"44":140,"45":34,"46":34,"47":34,"48":34,"49":34,"50":34},"f":{"0":172,"1":149,"2":170,"3":140,"4":182,"5":34},"b":{"0":[134,38],"1":[1,148],"2":[49,6,8,26,24,38,14,2,11],"3":[34,15],"4":[66,104],"5":[23],"6":[137,3],"7":[140,137],"8":[16,121],"9":[1,139],"10":[1,139]},"_coverageSchema":"332fd63041d2c1bcb487cc26dd0d5f7d97098a6c","hash":"79021f7aab464d40e9d3b7bee09e3f75c8a1b590"},"/home/cmatzenbach/Projects/node-sql-parser/src/constrain.js":{"path":"/home/cmatzenbach/Projects/node-sql-parser/src/constrain.js","statementMap":{"0":{"start":{"line":11,"column":2},"end":{"line":11,"column":35}},"1":{"start":{"line":11,"column":29},"end":{"line":11,"column":35}},"2":{"start":{"line":19,"column":6},"end":{"line":19,"column":26}},"3":{"start":{"line":20,"column":24},"end":{"line":20,"column":26}},"4":{"start":{"line":21,"column":23},"end":{"line":21,"column":37}},"5":{"start":{"line":22,"column":2},"end":{"line":22,"column":38}},"6":{"start":{"line":23,"column":2},"end":{"line":23,"column":49}},"7":{"start":{"line":24,"column":26},"end":{"line":24,"column":49}},"8":{"start":{"line":25,"column":2},"end":{"line":25,"column":95}},"9":{"start":{"line":25,"column":67},"end":{"line":25,"column":95}},"10":{"start":{"line":26,"column":2},"end":{"line":26,"column":39}},"11":{"start":{"line":27,"column":2},"end":{"line":27,"column":69}},"12":{"start":{"line":28,"column":2},"end":{"line":28,"column":70}},"13":{"start":{"line":29,"column":2},"end":{"line":29,"column":76}},"14":{"start":{"line":30,"column":2},"end":{"line":30,"column":39}},"15":{"start":{"line":31,"column":2},"end":{"line":31,"column":47}}},"fnMap":{"0":{"name":"constraintDefinitionToSQL","decl":{"start":{"line":10,"column":9},"end":{"line":10,"column":34}},"loc":{"start":{"line":10,"column":57},"end":{"line":32,"column":1}},"line":10}},"branchMap":{"0":{"loc":{"start":{"line":11,"column":2},"end":{"line":11,"column":35}},"type":"if","locations":[{"start":{"line":11,"column":2},"end":{"line":11,"column":35}},{"start":{"line":11,"column":2},"end":{"line":11,"column":35}}],"line":11},"1":{"loc":{"start":{"line":25,"column":2},"end":{"line":25,"column":95}},"type":"if","locations":[{"start":{"line":25,"column":2},"end":{"line":25,"column":95}},{"start":{"line":25,"column":2},"end":{"line":25,"column":95}}],"line":25},"2":{"loc":{"start":{"line":25,"column":6},"end":{"line":25,"column":65}},"type":"binary-expr","locations":[{"start":{"line":25,"column":6},"end":{"line":25,"column":27}},{"start":{"line":25,"column":31},"end":{"line":25,"column":65}}],"line":25},"3":{"loc":{"start":{"line":27,"column":21},"end":{"line":27,"column":68}},"type":"binary-expr","locations":[{"start":{"line":27,"column":21},"end":{"line":27,"column":42}},{"start":{"line":27,"column":46},"end":{"line":27,"column":68}}],"line":27}},"s":{"0":494,"1":445,"2":49,"3":49,"4":49,"5":49,"6":49,"7":49,"8":49,"9":1,"10":49,"11":49,"12":49,"13":49,"14":49,"15":49},"f":{"0":494},"b":{"0":[445,49],"1":[1,48],"2":[49,4],"3":[49,45]},"_coverageSchema":"332fd63041d2c1bcb487cc26dd0d5f7d97098a6c","hash":"a937edd07735d307a8a05375e27e6befc5508d44"},"/home/cmatzenbach/Projects/node-sql-parser/src/window.js":{"path":"/home/cmatzenbach/Projects/node-sql-parser/src/window.js","statementMap":{"0":{"start":{"line":11,"column":6},"end":{"line":11,"column":16}},"1":{"start":{"line":12,"column":17},"end":{"line":17,"column":3}},"2":{"start":{"line":18,"column":2},"end":{"line":18,"column":40}},"3":{"start":{"line":22,"column":2},"end":{"line":22,"column":59}},"4":{"start":{"line":22,"column":40},"end":{"line":22,"column":59}},"5":{"start":{"line":23,"column":47},"end":{"line":23,"column":59}},"6":{"start":{"line":24,"column":2},"end":{"line":24,"column":52}},"7":{"start":{"line":28,"column":58},"end":{"line":28,"column":73}},"8":{"start":{"line":29,"column":2},"end":{"line":29,"column":56}},"9":{"start":{"line":33,"column":19},"end":{"line":33,"column":38}},"10":{"start":{"line":34,"column":2},"end":{"line":34,"column":50}},"11":{"start":{"line":39,"column":2},"end":{"line":46,"column":3}},"12":{"start":{"line":43,"column":6},"end":{"line":43,"column":18}},"13":{"start":{"line":45,"column":6},"end":{"line":45,"column":17}},"14":{"start":{"line":50,"column":46},"end":{"line":50,"column":50}},"15":{"start":{"line":51,"column":19},"end":{"line":51,"column":57}},"16":{"start":{"line":53,"column":26},"end":{"line":53,"column":53}},"17":{"start":{"line":54,"column":17},"end":{"line":54,"column":126}},"18":{"start":{"line":55,"column":2},"end":{"line":55,"column":39}},"19":{"start":{"line":59,"column":19},"end":{"line":59,"column":23}},"20":{"start":{"line":60,"column":14},"end":{"line":60,"column":37}},"21":{"start":{"line":61,"column":18},"end":{"line":61,"column":33}},"22":{"start":{"line":62,"column":2},"end":{"line":62,"column":48}}},"fnMap":{"0":{"name":"windowSpecificationToSQL","decl":{"start":{"line":5,"column":9},"end":{"line":5,"column":33}},"loc":{"start":{"line":5,"column":46},"end":{"line":19,"column":1}},"line":5},"1":{"name":"asWindowSpecToSQL","decl":{"start":{"line":21,"column":9},"end":{"line":21,"column":26}},"loc":{"start":{"line":21,"column":41},"end":{"line":25,"column":1}},"line":21},"2":{"name":"namedWindowExprToSQL","decl":{"start":{"line":27,"column":9},"end":{"line":27,"column":29}},"loc":{"start":{"line":27,"column":47},"end":{"line":30,"column":1}},"line":27},"3":{"name":"namedWindowExprListToSQL","decl":{"start":{"line":32,"column":9},"end":{"line":32,"column":33}},"loc":{"start":{"line":32,"column":55},"end":{"line":35,"column":1}},"line":32},"4":{"name":"isConsiderNullsInArgs","decl":{"start":{"line":37,"column":9},"end":{"line":37,"column":30}},"loc":{"start":{"line":37,"column":39},"end":{"line":47,"column":1}},"line":37},"5":{"name":"constructArgsList","decl":{"start":{"line":49,"column":9},"end":{"line":49,"column":26}},"loc":{"start":{"line":49,"column":33},"end":{"line":56,"column":1}},"line":49},"6":{"name":"windowFuncToSQL","decl":{"start":{"line":58,"column":9},"end":{"line":58,"column":24}},"loc":{"start":{"line":58,"column":31},"end":{"line":63,"column":1}},"line":58}},"branchMap":{"0":{"loc":{"start":{"line":22,"column":2},"end":{"line":22,"column":59}},"type":"if","locations":[{"start":{"line":22,"column":2},"end":{"line":22,"column":59}},{"start":{"line":22,"column":2},"end":{"line":22,"column":59}}],"line":22},"1":{"loc":{"start":{"line":39,"column":2},"end":{"line":46,"column":3}},"type":"switch","locations":[{"start":{"line":40,"column":4},"end":{"line":40,"column":21}},{"start":{"line":41,"column":4},"end":{"line":41,"column":16}},{"start":{"line":42,"column":4},"end":{"line":43,"column":18}},{"start":{"line":44,"column":4},"end":{"line":45,"column":17}}],"line":39},"2":{"loc":{"start":{"line":50,"column":22},"end":{"line":50,"column":41}},"type":"default-arg","locations":[{"start":{"line":50,"column":39},"end":{"line":50,"column":41}}],"line":50},"3":{"loc":{"start":{"line":51,"column":19},"end":{"line":51,"column":57}},"type":"cond-expr","locations":[{"start":{"line":51,"column":26},"end":{"line":51,"column":52}},{"start":{"line":51,"column":55},"end":{"line":51,"column":57}}],"line":51},"4":{"loc":{"start":{"line":54,"column":39},"end":{"line":54,"column":62}},"type":"binary-expr","locations":[{"start":{"line":54,"column":39},"end":{"line":54,"column":55}},{"start":{"line":54,"column":59},"end":{"line":54,"column":62}}],"line":54},"5":{"loc":{"start":{"line":54,"column":64},"end":{"line":54,"column":85}},"type":"binary-expr","locations":[{"start":{"line":54,"column":64},"end":{"line":54,"column":78}},{"start":{"line":54,"column":82},"end":{"line":54,"column":85}}],"line":54},"6":{"loc":{"start":{"line":54,"column":103},"end":{"line":54,"column":125}},"type":"binary-expr","locations":[{"start":{"line":54,"column":103},"end":{"line":54,"column":118}},{"start":{"line":54,"column":122},"end":{"line":54,"column":125}}],"line":54}},"s":{"0":46,"1":46,"2":46,"3":58,"4":12,"5":46,"6":46,"7":11,"8":11,"9":6,"10":6,"11":7,"12":4,"13":3,"14":7,"15":7,"16":7,"17":7,"18":7,"19":7,"20":7,"21":7,"22":7},"f":{"0":46,"1":58,"2":11,"3":6,"4":7,"5":7,"6":7},"b":{"0":[12,46],"1":[1,2,4,3],"2":[2],"3":[5,2],"4":[7,4],"5":[7,2],"6":[7,3]},"_coverageSchema":"332fd63041d2c1bcb487cc26dd0d5f7d97098a6c","hash":"7fd70a2d35d7b2809bc622e767e0b590e66ee682"},"/home/cmatzenbach/Projects/node-sql-parser/src/over.js":{"path":"/home/cmatzenbach/Projects/node-sql-parser/src/over.js","statementMap":{"0":{"start":{"line":6,"column":2},"end":{"line":6,"column":19}},"1":{"start":{"line":6,"column":13},"end":{"line":6,"column":19}},"2":{"start":{"line":7,"column":86},"end":{"line":7,"column":90}},"3":{"start":{"line":8,"column":20},"end":{"line":8,"column":33}},"4":{"start":{"line":9,"column":2},"end":{"line":9,"column":78}},"5":{"start":{"line":9,"column":30},"end":{"line":9,"column":78}},"6":{"start":{"line":10,"column":2},"end":{"line":15,"column":3}},"7":{"start":{"line":11,"column":19},"end":{"line":11,"column":57}},"8":{"start":{"line":12,"column":17},"end":{"line":12,"column":38}},"9":{"start":{"line":13,"column":4},"end":{"line":13,"column":65}},"10":{"start":{"line":13,"column":21},"end":{"line":13,"column":65}},"11":{"start":{"line":14,"column":4},"end":{"line":14,"column":19}},"12":{"start":{"line":16,"column":2},"end":{"line":16,"column":38}}},"fnMap":{"0":{"name":"overToSQL","decl":{"start":{"line":5,"column":9},"end":{"line":5,"column":18}},"loc":{"start":{"line":5,"column":25},"end":{"line":17,"column":1}},"line":5}},"branchMap":{"0":{"loc":{"start":{"line":6,"column":2},"end":{"line":6,"column":19}},"type":"if","locations":[{"start":{"line":6,"column":2},"end":{"line":6,"column":19}},{"start":{"line":6,"column":2},"end":{"line":6,"column":19}}],"line":6},"1":{"loc":{"start":{"line":9,"column":2},"end":{"line":9,"column":78}},"type":"if","locations":[{"start":{"line":9,"column":2},"end":{"line":9,"column":78}},{"start":{"line":9,"column":2},"end":{"line":9,"column":78}}],"line":9},"2":{"loc":{"start":{"line":10,"column":2},"end":{"line":15,"column":3}},"type":"if","locations":[{"start":{"line":10,"column":2},"end":{"line":15,"column":3}},{"start":{"line":10,"column":2},"end":{"line":15,"column":3}}],"line":10},"3":{"loc":{"start":{"line":12,"column":17},"end":{"line":12,"column":38}},"type":"binary-expr","locations":[{"start":{"line":12,"column":17},"end":{"line":12,"column":32}},{"start":{"line":12,"column":36},"end":{"line":12,"column":38}}],"line":12},"4":{"loc":{"start":{"line":13,"column":4},"end":{"line":13,"column":65}},"type":"if","locations":[{"start":{"line":13,"column":4},"end":{"line":13,"column":65}},{"start":{"line":13,"column":4},"end":{"line":13,"column":65}}],"line":13}},"s":{"0":478,"1":425,"2":53,"3":53,"4":53,"5":47,"6":6,"7":5,"8":5,"9":5,"10":3,"11":5,"12":1},"f":{"0":478},"b":{"0":[425,53],"1":[47,6],"2":[5,1],"3":[5,4],"4":[3,2]},"_coverageSchema":"332fd63041d2c1bcb487cc26dd0d5f7d97098a6c","hash":"34fad97e70e71ce305c112d0275a41efdaead25c"},"/home/cmatzenbach/Projects/node-sql-parser/src/func.js":{"path":"/home/cmatzenbach/Projects/node-sql-parser/src/func.js","statementMap":{"0":{"start":{"line":6,"column":31},"end":{"line":6,"column":35}},"1":{"start":{"line":7,"column":27},"end":{"line":7,"column":31}},"2":{"start":{"line":8,"column":12},"end":{"line":8,"column":49}},"3":{"start":{"line":9,"column":2},"end":{"line":9,"column":87}},"4":{"start":{"line":9,"column":14},"end":{"line":9,"column":87}},"5":{"start":{"line":10,"column":2},"end":{"line":10,"column":17}},"6":{"start":{"line":11,"column":18},"end":{"line":11,"column":33}},"7":{"start":{"line":12,"column":2},"end":{"line":12,"column":48}},"8":{"start":{"line":16,"column":2},"end":{"line":16,"column":41}},"9":{"start":{"line":16,"column":32},"end":{"line":16,"column":41}},"10":{"start":{"line":17,"column":2},"end":{"line":22,"column":3}},"11":{"start":{"line":19,"column":6},"end":{"line":19,"column":17}},"12":{"start":{"line":21,"column":6},"end":{"line":21,"column":19}},"13":{"start":{"line":26,"column":106},"end":{"line":26,"column":110}},"14":{"start":{"line":27,"column":83},"end":{"line":27,"column":89}},"15":{"start":{"line":28,"column":12},"end":{"line":28,"column":14}},"16":{"start":{"line":29,"column":2},"end":{"line":29,"column":66}},"17":{"start":{"line":29,"column":22},"end":{"line":29,"column":66}},"18":{"start":{"line":30,"column":2},"end":{"line":30,"column":35}},"19":{"start":{"line":30,"column":19},"end":{"line":30,"column":35}},"20":{"start":{"line":31,"column":2},"end":{"line":31,"column":84}},"21":{"start":{"line":31,"column":47},"end":{"line":31,"column":84}},"22":{"start":{"line":32,"column":15},"end":{"line":32,"column":36}},"23":{"start":{"line":33,"column":19},"end":{"line":33,"column":23}},"24":{"start":{"line":34,"column":15},"end":{"line":34,"column":17}},"25":{"start":{"line":35,"column":2},"end":{"line":39,"column":3}},"26":{"start":{"line":36,"column":4},"end":{"line":36,"column":44}},"27":{"start":{"line":37,"column":4},"end":{"line":37,"column":16}},"28":{"start":{"line":38,"column":4},"end":{"line":38,"column":44}},"29":{"start":{"line":40,"column":2},"end":{"line":40,"column":113}},"30":{"start":{"line":40,"column":41},"end":{"line":40,"column":102}},"31":{"start":{"line":41,"column":2},"end":{"line":41,"column":54}},"32":{"start":{"line":41,"column":13},"end":{"line":41,"column":54}},"33":{"start":{"line":42,"column":2},"end":{"line":42,"column":65}},"34":{"start":{"line":42,"column":15},"end":{"line":42,"column":65}},"35":{"start":{"line":43,"column":25},"end":{"line":43,"column":55}},"36":{"start":{"line":44,"column":17},"end":{"line":44,"column":92}},"37":{"start":{"line":45,"column":2},"end":{"line":45,"column":39}},"38":{"start":{"line":49,"column":25},"end":{"line":49,"column":29}},"39":{"start":{"line":50,"column":49},"end":{"line":50,"column":53}},"40":{"start":{"line":51,"column":17},"end":{"line":51,"column":101}},"41":{"start":{"line":52,"column":2},"end":{"line":52,"column":46}},"42":{"start":{"line":56,"column":2},"end":{"line":56,"column":21}},"43":{"start":{"line":56,"column":12},"end":{"line":56,"column":21}},"44":{"start":{"line":57,"column":34},"end":{"line":57,"column":37}},"45":{"start":{"line":58,"column":17},"end":{"line":58,"column":58}},"46":{"start":{"line":59,"column":2},"end":{"line":59,"column":40}},"47":{"start":{"line":63,"column":25},"end":{"line":63,"column":29}},"48":{"start":{"line":64,"column":15},"end":{"line":64,"column":62}},"49":{"start":{"line":65,"column":18},"end":{"line":65,"column":87}},"50":{"start":{"line":65,"column":34},"end":{"line":65,"column":60}},"51":{"start":{"line":66,"column":2},"end":{"line":66,"column":39}},"52":{"start":{"line":70,"column":79},"end":{"line":70,"column":83}},"53":{"start":{"line":71,"column":21},"end":{"line":71,"column":55}},"54":{"start":{"line":72,"column":18},"end":{"line":72,"column":33}},"55":{"start":{"line":73,"column":20},"end":{"line":73,"column":37}},"56":{"start":{"line":74,"column":19},"end":{"line":74,"column":120}},"57":{"start":{"line":75,"column":2},"end":{"line":75,"column":64}},"58":{"start":{"line":75,"column":13},"end":{"line":75,"column":64}},"59":{"start":{"line":76,"column":18},"end":{"line":76,"column":40}},"60":{"start":{"line":77,"column":2},"end":{"line":77,"column":51}},"61":{"start":{"line":77,"column":36},"end":{"line":77,"column":51}},"62":{"start":{"line":78,"column":12},"end":{"line":78,"column":22}},"63":{"start":{"line":79,"column":2},"end":{"line":79,"column":50}},"64":{"start":{"line":80,"column":2},"end":{"line":80,"column":43}},"65":{"start":{"line":81,"column":2},"end":{"line":81,"column":47}},"66":{"start":{"line":81,"column":34},"end":{"line":81,"column":47}},"67":{"start":{"line":82,"column":2},"end":{"line":82,"column":58}},"68":{"start":{"line":83,"column":2},"end":{"line":83,"column":87}},"69":{"start":{"line":87,"column":29},"end":{"line":87,"column":33}},"70":{"start":{"line":88,"column":19},"end":{"line":88,"column":120}},"71":{"start":{"line":89,"column":17},"end":{"line":89,"column":84}},"72":{"start":{"line":90,"column":2},"end":{"line":90,"column":25}}},"fnMap":{"0":{"name":"anyValueFuncToSQL","decl":{"start":{"line":5,"column":9},"end":{"line":5,"column":26}},"loc":{"start":{"line":5,"column":33},"end":{"line":13,"column":1}},"line":5},"1":{"name":"arrayDimensionToSymbol","decl":{"start":{"line":15,"column":9},"end":{"line":15,"column":31}},"loc":{"start":{"line":15,"column":40},"end":{"line":23,"column":1}},"line":15},"2":{"name":"castToSQL","decl":{"start":{"line":25,"column":9},"end":{"line":25,"column":18}},"loc":{"start":{"line":25,"column":25},"end":{"line":46,"column":1}},"line":25},"3":{"name":"(anonymous_3)","decl":{"start":{"line":40,"column":23},"end":{"line":40,"column":24}},"loc":{"start":{"line":40,"column":41},"end":{"line":40,"column":102}},"line":40},"4":{"name":"extractFunToSQL","decl":{"start":{"line":48,"column":9},"end":{"line":48,"column":24}},"loc":{"start":{"line":48,"column":31},"end":{"line":53,"column":1}},"line":48},"5":{"name":"flattenArgToSQL","decl":{"start":{"line":55,"column":9},"end":{"line":55,"column":24}},"loc":{"start":{"line":55,"column":30},"end":{"line":60,"column":1}},"line":55},"6":{"name":"flattenFunToSQL","decl":{"start":{"line":62,"column":9},"end":{"line":62,"column":24}},"loc":{"start":{"line":62,"column":31},"end":{"line":67,"column":1}},"line":62},"7":{"name":"(anonymous_7)","decl":{"start":{"line":65,"column":27},"end":{"line":65,"column":28}},"loc":{"start":{"line":65,"column":34},"end":{"line":65,"column":60}},"line":65},"8":{"name":"funcToSQL","decl":{"start":{"line":69,"column":9},"end":{"line":69,"column":18}},"loc":{"start":{"line":69,"column":25},"end":{"line":84,"column":1}},"line":69},"9":{"name":"tablefuncFunToSQL","decl":{"start":{"line":86,"column":9},"end":{"line":86,"column":26}},"loc":{"start":{"line":86,"column":33},"end":{"line":91,"column":1}},"line":86}},"branchMap":{"0":{"loc":{"start":{"line":9,"column":2},"end":{"line":9,"column":87}},"type":"if","locations":[{"start":{"line":9,"column":2},"end":{"line":9,"column":87}},{"start":{"line":9,"column":2},"end":{"line":9,"column":87}}],"line":9},"1":{"loc":{"start":{"line":16,"column":2},"end":{"line":16,"column":41}},"type":"if","locations":[{"start":{"line":16,"column":2},"end":{"line":16,"column":41}},{"start":{"line":16,"column":2},"end":{"line":16,"column":41}}],"line":16},"2":{"loc":{"start":{"line":16,"column":6},"end":{"line":16,"column":30}},"type":"binary-expr","locations":[{"start":{"line":16,"column":6},"end":{"line":16,"column":13}},{"start":{"line":16,"column":17},"end":{"line":16,"column":30}}],"line":16},"3":{"loc":{"start":{"line":17,"column":2},"end":{"line":22,"column":3}},"type":"switch","locations":[{"start":{"line":18,"column":4},"end":{"line":19,"column":17}},{"start":{"line":20,"column":4},"end":{"line":21,"column":19}}],"line":17},"4":{"loc":{"start":{"line":26,"column":10},"end":{"line":26,"column":21}},"type":"default-arg","locations":[{"start":{"line":26,"column":19},"end":{"line":26,"column":21}}],"line":26},"5":{"loc":{"start":{"line":26,"column":86},"end":{"line":26,"column":101}},"type":"default-arg","locations":[{"start":{"line":26,"column":99},"end":{"line":26,"column":101}}],"line":26},"6":{"loc":{"start":{"line":29,"column":2},"end":{"line":29,"column":66}},"type":"if","locations":[{"start":{"line":29,"column":2},"end":{"line":29,"column":66}},{"start":{"line":29,"column":2},"end":{"line":29,"column":66}}],"line":29},"7":{"loc":{"start":{"line":29,"column":28},"end":{"line":29,"column":66}},"type":"cond-expr","locations":[{"start":{"line":29,"column":36},"end":{"line":29,"column":57}},{"start":{"line":29,"column":60},"end":{"line":29,"column":66}}],"line":29},"8":{"loc":{"start":{"line":30,"column":2},"end":{"line":30,"column":35}},"type":"if","locations":[{"start":{"line":30,"column":2},"end":{"line":30,"column":35}},{"start":{"line":30,"column":2},"end":{"line":30,"column":35}}],"line":30},"9":{"loc":{"start":{"line":31,"column":2},"end":{"line":31,"column":84}},"type":"if","locations":[{"start":{"line":31,"column":2},"end":{"line":31,"column":84}},{"start":{"line":31,"column":2},"end":{"line":31,"column":84}}],"line":31},"10":{"loc":{"start":{"line":31,"column":6},"end":{"line":31,"column":45}},"type":"binary-expr","locations":[{"start":{"line":31,"column":6},"end":{"line":31,"column":20}},{"start":{"line":31,"column":24},"end":{"line":31,"column":45}}],"line":31},"11":{"loc":{"start":{"line":35,"column":2},"end":{"line":39,"column":3}},"type":"if","locations":[{"start":{"line":35,"column":2},"end":{"line":39,"column":3}},{"start":{"line":35,"column":2},"end":{"line":39,"column":3}}],"line":35},"12":{"loc":{"start":{"line":41,"column":2},"end":{"line":41,"column":54}},"type":"if","locations":[{"start":{"line":41,"column":2},"end":{"line":41,"column":54}},{"start":{"line":41,"column":2},"end":{"line":41,"column":54}}],"line":41},"13":{"loc":{"start":{"line":42,"column":2},"end":{"line":42,"column":65}},"type":"if","locations":[{"start":{"line":42,"column":2},"end":{"line":42,"column":65}},{"start":{"line":42,"column":2},"end":{"line":42,"column":65}}],"line":42},"14":{"loc":{"start":{"line":56,"column":2},"end":{"line":56,"column":21}},"type":"if","locations":[{"start":{"line":56,"column":2},"end":{"line":56,"column":21}},{"start":{"line":56,"column":2},"end":{"line":56,"column":21}}],"line":56},"15":{"loc":{"start":{"line":74,"column":19},"end":{"line":74,"column":120}},"type":"cond-expr","locations":[{"start":{"line":74,"column":46},"end":{"line":74,"column":50}},{"start":{"line":74,"column":53},"end":{"line":74,"column":120}}],"line":74},"16":{"loc":{"start":{"line":75,"column":2},"end":{"line":75,"column":64}},"type":"if","locations":[{"start":{"line":75,"column":2},"end":{"line":75,"column":64}},{"start":{"line":75,"column":2},"end":{"line":75,"column":64}}],"line":75},"17":{"loc":{"start":{"line":76,"column":18},"end":{"line":76,"column":40}},"type":"binary-expr","locations":[{"start":{"line":76,"column":18},"end":{"line":76,"column":32}},{"start":{"line":76,"column":36},"end":{"line":76,"column":40}}],"line":76},"18":{"loc":{"start":{"line":77,"column":2},"end":{"line":77,"column":51}},"type":"if","locations":[{"start":{"line":77,"column":2},"end":{"line":77,"column":51}},{"start":{"line":77,"column":2},"end":{"line":77,"column":51}}],"line":77},"19":{"loc":{"start":{"line":79,"column":11},"end":{"line":79,"column":49}},"type":"cond-expr","locations":[{"start":{"line":79,"column":40},"end":{"line":79,"column":43}},{"start":{"line":79,"column":46},"end":{"line":79,"column":49}}],"line":79},"20":{"loc":{"start":{"line":81,"column":2},"end":{"line":81,"column":47}},"type":"if","locations":[{"start":{"line":81,"column":2},"end":{"line":81,"column":47}},{"start":{"line":81,"column":2},"end":{"line":81,"column":47}}],"line":81},"21":{"loc":{"start":{"line":83,"column":10},"end":{"line":83,"column":40}},"type":"cond-expr","locations":[{"start":{"line":83,"column":24},"end":{"line":83,"column":34}},{"start":{"line":83,"column":37},"end":{"line":83,"column":40}}],"line":83},"22":{"loc":{"start":{"line":88,"column":19},"end":{"line":88,"column":120}},"type":"cond-expr","locations":[{"start":{"line":88,"column":46},"end":{"line":88,"column":50}},{"start":{"line":88,"column":53},"end":{"line":88,"column":120}}],"line":88}},"s":{"0":2,"1":2,"2":2,"3":2,"4":1,"5":2,"6":2,"7":2,"8":100,"9":98,"10":2,"11":1,"12":1,"13":100,"14":100,"15":100,"16":100,"17":11,"18":100,"19":10,"20":100,"21":2,"22":100,"23":100,"24":100,"25":100,"26":35,"27":35,"28":35,"29":100,"30":2,"31":100,"32":23,"33":100,"34":1,"35":100,"36":100,"37":100,"38":12,"39":12,"40":12,"41":12,"42":20,"43":11,"44":9,"45":9,"46":9,"47":4,"48":4,"49":4,"50":20,"51":4,"52":334,"53":334,"54":334,"55":334,"56":334,"57":334,"58":14,"59":320,"60":320,"61":13,"62":320,"63":320,"64":320,"65":320,"66":319,"67":320,"68":320,"69":1,"70":1,"71":1,"72":1},"f":{"0":2,"1":100,"2":100,"3":2,"4":12,"5":20,"6":4,"7":20,"8":334,"9":1},"b":{"0":[1,1],"1":[98,2],"2":[100,100],"3":[1,1],"4":[29],"5":[29],"6":[11,89],"7":[3,8],"8":[10,90],"9":[2,98],"10":[100,22],"11":[35,65],"12":[23,77],"13":[1,99],"14":[11,9],"15":[286,48],"16":[14,320],"17":[320,314],"18":[13,307],"19":[1,319],"20":[319,1],"21":[7,313],"22":[0,1]},"_coverageSchema":"332fd63041d2c1bcb487cc26dd0d5f7d97098a6c","hash":"14289e2b8e51dc936d39818e2ac6abcf054dc145"},"/home/cmatzenbach/Projects/node-sql-parser/src/binary.js":{"path":"/home/cmatzenbach/Projects/node-sql-parser/src/binary.js","statementMap":{"0":{"start":{"line":5,"column":17},"end":{"line":5,"column":41}},"1":{"start":{"line":6,"column":13},"end":{"line":6,"column":34}},"2":{"start":{"line":7,"column":18},"end":{"line":7,"column":23}},"3":{"start":{"line":8,"column":2},"end":{"line":25,"column":3}},"4":{"start":{"line":9,"column":4},"end":{"line":23,"column":5}},"5":{"start":{"line":11,"column":8},"end":{"line":11,"column":23}},"6":{"start":{"line":12,"column":8},"end":{"line":12,"column":13}},"7":{"start":{"line":14,"column":8},"end":{"line":14,"column":27}},"8":{"start":{"line":15,"column":8},"end":{"line":15,"column":13}},"9":{"start":{"line":18,"column":8},"end":{"line":18,"column":24}},"10":{"start":{"line":19,"column":8},"end":{"line":19,"column":42}},"11":{"start":{"line":20,"column":8},"end":{"line":20,"column":13}},"12":{"start":{"line":22,"column":8},"end":{"line":22,"column":13}},"13":{"start":{"line":24,"column":4},"end":{"line":24,"column":49}},"14":{"start":{"line":24,"column":20},"end":{"line":24,"column":49}},"15":{"start":{"line":26,"column":17},"end":{"line":26,"column":40}},"16":{"start":{"line":27,"column":14},"end":{"line":27,"column":124}},"17":{"start":{"line":28,"column":2},"end":{"line":28,"column":44}}},"fnMap":{"0":{"name":"binaryToSQL","decl":{"start":{"line":4,"column":9},"end":{"line":4,"column":20}},"loc":{"start":{"line":4,"column":27},"end":{"line":29,"column":1}},"line":4}},"branchMap":{"0":{"loc":{"start":{"line":5,"column":17},"end":{"line":5,"column":41}},"type":"binary-expr","locations":[{"start":{"line":5,"column":17},"end":{"line":5,"column":30}},{"start":{"line":5,"column":34},"end":{"line":5,"column":41}}],"line":5},"1":{"loc":{"start":{"line":8,"column":2},"end":{"line":25,"column":3}},"type":"if","locations":[{"start":{"line":8,"column":2},"end":{"line":25,"column":3}},{"start":{"line":8,"column":2},"end":{"line":25,"column":3}}],"line":8},"2":{"loc":{"start":{"line":9,"column":4},"end":{"line":23,"column":5}},"type":"switch","locations":[{"start":{"line":10,"column":6},"end":{"line":12,"column":13}},{"start":{"line":13,"column":6},"end":{"line":15,"column":13}},{"start":{"line":16,"column":6},"end":{"line":16,"column":21}},{"start":{"line":17,"column":6},"end":{"line":20,"column":13}},{"start":{"line":21,"column":6},"end":{"line":22,"column":13}}],"line":9},"3":{"loc":{"start":{"line":24,"column":4},"end":{"line":24,"column":49}},"type":"if","locations":[{"start":{"line":24,"column":4},"end":{"line":24,"column":49}},{"start":{"line":24,"column":4},"end":{"line":24,"column":49}}],"line":24},"4":{"loc":{"start":{"line":26,"column":17},"end":{"line":26,"column":40}},"type":"binary-expr","locations":[{"start":{"line":26,"column":17},"end":{"line":26,"column":34}},{"start":{"line":26,"column":38},"end":{"line":26,"column":40}}],"line":26},"5":{"loc":{"start":{"line":28,"column":9},"end":{"line":28,"column":44}},"type":"cond-expr","locations":[{"start":{"line":28,"column":28},"end":{"line":28,"column":38}},{"start":{"line":28,"column":41},"end":{"line":28,"column":44}}],"line":28}},"s":{"0":866,"1":866,"2":866,"3":866,"4":53,"5":6,"6":6,"7":4,"8":4,"9":8,"10":8,"11":8,"12":35,"13":53,"14":45,"15":866,"16":866,"17":866},"f":{"0":866},"b":{"0":[866,2],"1":[53,813],"2":[6,4,5,8,35],"3":[45,8],"4":[866,861],"5":[71,795]},"_coverageSchema":"332fd63041d2c1bcb487cc26dd0d5f7d97098a6c","hash":"c0e9089cf4c652963f5d7699865e7b760d610ebb"},"/home/cmatzenbach/Projects/node-sql-parser/src/limit.js":{"path":"/home/cmatzenbach/Projects/node-sql-parser/src/limit.js","statementMap":{"0":{"start":{"line":5,"column":2},"end":{"line":5,"column":22}},"1":{"start":{"line":5,"column":13},"end":{"line":5,"column":22}},"2":{"start":{"line":6,"column":2},"end":{"line":6,"column":76}},"3":{"start":{"line":10,"column":28},"end":{"line":10,"column":32}},"4":{"start":{"line":11,"column":17},"end":{"line":11,"column":86}},"5":{"start":{"line":12,"column":2},"end":{"line":12,"column":40}},"6":{"start":{"line":16,"column":31},"end":{"line":16,"column":36}},"7":{"start":{"line":17,"column":2},"end":{"line":17,"column":99}},"8":{"start":{"line":17,"column":52},"end":{"line":17,"column":99}},"9":{"start":{"line":18,"column":2},"end":{"line":18,"column":116}},"10":{"start":{"line":22,"column":2},"end":{"line":22,"column":23}},"11":{"start":{"line":22,"column":14},"end":{"line":22,"column":23}},"12":{"start":{"line":23,"column":2},"end":{"line":23,"column":49}},"13":{"start":{"line":23,"column":19},"end":{"line":23,"column":49}},"14":{"start":{"line":24,"column":2},"end":{"line":24,"column":32}}},"fnMap":{"0":{"name":"composePrefixValSuffix","decl":{"start":{"line":4,"column":9},"end":{"line":4,"column":31}},"loc":{"start":{"line":4,"column":38},"end":{"line":7,"column":1}},"line":4},"1":{"name":"fetchOffsetToSQL","decl":{"start":{"line":9,"column":9},"end":{"line":9,"column":25}},"loc":{"start":{"line":9,"column":32},"end":{"line":13,"column":1}},"line":9},"2":{"name":"limitOffsetToSQL","decl":{"start":{"line":15,"column":9},"end":{"line":15,"column":25}},"loc":{"start":{"line":15,"column":33},"end":{"line":19,"column":1}},"line":15},"3":{"name":"limitToSQL","decl":{"start":{"line":21,"column":9},"end":{"line":21,"column":19}},"loc":{"start":{"line":21,"column":27},"end":{"line":25,"column":1}},"line":21}},"branchMap":{"0":{"loc":{"start":{"line":5,"column":2},"end":{"line":5,"column":22}},"type":"if","locations":[{"start":{"line":5,"column":2},"end":{"line":5,"column":22}},{"start":{"line":5,"column":2},"end":{"line":5,"column":22}}],"line":5},"1":{"loc":{"start":{"line":17,"column":2},"end":{"line":17,"column":99}},"type":"if","locations":[{"start":{"line":17,"column":2},"end":{"line":17,"column":99}},{"start":{"line":17,"column":2},"end":{"line":17,"column":99}}],"line":17},"2":{"loc":{"start":{"line":17,"column":6},"end":{"line":17,"column":50}},"type":"binary-expr","locations":[{"start":{"line":17,"column":6},"end":{"line":17,"column":24}},{"start":{"line":17,"column":28},"end":{"line":17,"column":50}}],"line":17},"3":{"loc":{"start":{"line":18,"column":57},"end":{"line":18,"column":90}},"type":"cond-expr","locations":[{"start":{"line":18,"column":82},"end":{"line":18,"column":85}},{"start":{"line":18,"column":88},"end":{"line":18,"column":90}}],"line":18},"4":{"loc":{"start":{"line":22,"column":2},"end":{"line":22,"column":23}},"type":"if","locations":[{"start":{"line":22,"column":2},"end":{"line":22,"column":23}},{"start":{"line":22,"column":2},"end":{"line":22,"column":23}}],"line":22},"5":{"loc":{"start":{"line":23,"column":2},"end":{"line":23,"column":49}},"type":"if","locations":[{"start":{"line":23,"column":2},"end":{"line":23,"column":49}},{"start":{"line":23,"column":2},"end":{"line":23,"column":49}}],"line":23}},"s":{"0":4,"1":1,"2":3,"3":2,"4":2,"5":2,"6":239,"7":239,"8":1,"9":238,"10":2673,"11":2432,"12":241,"13":2,"14":239},"f":{"0":4,"1":2,"2":239,"3":2673},"b":{"0":[1,3],"1":[1,238],"2":[239,24],"3":[4,234],"4":[2432,241],"5":[2,239]},"_coverageSchema":"332fd63041d2c1bcb487cc26dd0d5f7d97098a6c","hash":"b61457047998f9b2d6d1b84024a20555c8ae20a9"},"/home/cmatzenbach/Projects/node-sql-parser/src/with.js":{"path":"/home/cmatzenbach/Projects/node-sql-parser/src/with.js","statementMap":{"0":{"start":{"line":9,"column":2},"end":{"line":9,"column":48}},"1":{"start":{"line":9,"column":42},"end":{"line":9,"column":48}},"2":{"start":{"line":10,"column":22},"end":{"line":10,"column":63}},"3":{"start":{"line":11,"column":22},"end":{"line":15,"column":15}},"4":{"start":{"line":12,"column":36},"end":{"line":12,"column":39}},"5":{"start":{"line":13,"column":19},"end":{"line":13,"column":94}},"6":{"start":{"line":14,"column":4},"end":{"line":14,"column":123}},"7":{"start":{"line":17,"column":2},"end":{"line":17,"column":44}}},"fnMap":{"0":{"name":"withToSQL","decl":{"start":{"line":8,"column":9},"end":{"line":8,"column":18}},"loc":{"start":{"line":8,"column":29},"end":{"line":18,"column":1}},"line":8},"1":{"name":"(anonymous_1)","decl":{"start":{"line":11,"column":35},"end":{"line":11,"column":36}},"loc":{"start":{"line":11,"column":42},"end":{"line":15,"column":3}},"line":11}},"branchMap":{"0":{"loc":{"start":{"line":9,"column":2},"end":{"line":9,"column":48}},"type":"if","locations":[{"start":{"line":9,"column":2},"end":{"line":9,"column":48}},{"start":{"line":9,"column":2},"end":{"line":9,"column":48}}],"line":9},"1":{"loc":{"start":{"line":9,"column":6},"end":{"line":9,"column":40}},"type":"binary-expr","locations":[{"start":{"line":9,"column":6},"end":{"line":9,"column":15}},{"start":{"line":9,"column":19},"end":{"line":9,"column":40}}],"line":9},"2":{"loc":{"start":{"line":10,"column":22},"end":{"line":10,"column":63}},"type":"cond-expr","locations":[{"start":{"line":10,"column":46},"end":{"line":10,"column":58}},{"start":{"line":10,"column":61},"end":{"line":10,"column":63}}],"line":10},"3":{"loc":{"start":{"line":13,"column":19},"end":{"line":13,"column":94}},"type":"cond-expr","locations":[{"start":{"line":13,"column":44},"end":{"line":13,"column":89}},{"start":{"line":13,"column":92},"end":{"line":13,"column":94}}],"line":13},"4":{"loc":{"start":{"line":14,"column":14},"end":{"line":14,"column":88}},"type":"cond-expr","locations":[{"start":{"line":14,"column":40},"end":{"line":14,"column":67}},{"start":{"line":14,"column":70},"end":{"line":14,"column":88}}],"line":14}},"s":{"0":1146,"1":1110,"2":36,"3":36,"4":43,"5":43,"6":43,"7":36},"f":{"0":1146,"1":43},"b":{"0":[1110,36],"1":[1146,36],"2":[1,35],"3":[4,39],"4":[42,1]},"_coverageSchema":"332fd63041d2c1bcb487cc26dd0d5f7d97098a6c","hash":"df6f3ea4670bcfccb9fe8b88764aee4c0d58d6ae"},"/home/cmatzenbach/Projects/node-sql-parser/src/select.js":{"path":"/home/cmatzenbach/Projects/node-sql-parser/src/select.js","statementMap":{"0":{"start":{"line":9,"column":2},"end":{"line":9,"column":23}},"1":{"start":{"line":9,"column":17},"end":{"line":9,"column":23}},"2":{"start":{"line":10,"column":2},"end":{"line":10,"column":51}},"3":{"start":{"line":10,"column":36},"end":{"line":10,"column":51}},"4":{"start":{"line":11,"column":28},"end":{"line":11,"column":36}},"5":{"start":{"line":12,"column":17},"end":{"line":12,"column":32}},"6":{"start":{"line":13,"column":2},"end":{"line":13,"column":73}},"7":{"start":{"line":13,"column":15},"end":{"line":13,"column":73}},"8":{"start":{"line":14,"column":2},"end":{"line":14,"column":40}},"9":{"start":{"line":18,"column":2},"end":{"line":18,"column":19}},"10":{"start":{"line":18,"column":13},"end":{"line":18,"column":19}},"11":{"start":{"line":19,"column":23},"end":{"line":19,"column":27}},"12":{"start":{"line":20,"column":2},"end":{"line":20,"column":23}},"13":{"start":{"line":20,"column":17},"end":{"line":20,"column":23}},"14":{"start":{"line":21,"column":28},"end":{"line":21,"column":32}},"15":{"start":{"line":22,"column":17},"end":{"line":22,"column":19}},"16":{"start":{"line":23,"column":19},"end":{"line":23,"column":35}},"17":{"start":{"line":24,"column":2},"end":{"line":30,"column":3}},"18":{"start":{"line":26,"column":6},"end":{"line":26,"column":48}},"19":{"start":{"line":27,"column":6},"end":{"line":27,"column":11}},"20":{"start":{"line":29,"column":6},"end":{"line":29,"column":95}},"21":{"start":{"line":31,"column":2},"end":{"line":31,"column":40}},"22":{"start":{"line":49,"column":2},"end":{"line":49,"column":19}},"23":{"start":{"line":49,"column":13},"end":{"line":49,"column":19}},"24":{"start":{"line":50,"column":34},"end":{"line":50,"column":38}},"25":{"start":{"line":51,"column":17},"end":{"line":51,"column":50}},"26":{"start":{"line":52,"column":2},"end":{"line":52,"column":36}},"27":{"start":{"line":52,"column":13},"end":{"line":52,"column":36}},"28":{"start":{"line":53,"column":2},"end":{"line":53,"column":50}},"29":{"start":{"line":77,"column":6},"end":{"line":77,"column":10}},"30":{"start":{"line":78,"column":18},"end":{"line":78,"column":71}},"31":{"start":{"line":79,"column":2},"end":{"line":79,"column":29}},"32":{"start":{"line":80,"column":2},"end":{"line":80,"column":61}},"33":{"start":{"line":80,"column":30},"end":{"line":80,"column":61}},"34":{"start":{"line":81,"column":2},"end":{"line":81,"column":68}},"35":{"start":{"line":82,"column":23},"end":{"line":82,"column":27}},"36":{"start":{"line":83,"column":16},"end":{"line":83,"column":18}},"37":{"start":{"line":84,"column":2},"end":{"line":84,"column":78}},"38":{"start":{"line":84,"column":16},"end":{"line":84,"column":78}},"39":{"start":{"line":85,"column":2},"end":{"line":85,"column":50}},"40":{"start":{"line":85,"column":29},"end":{"line":85,"column":50}},"41":{"start":{"line":87,"column":2},"end":{"line":87,"column":64}},"42":{"start":{"line":88,"column":2},"end":{"line":88,"column":48}},"43":{"start":{"line":88,"column":27},"end":{"line":88,"column":48}},"44":{"start":{"line":89,"column":28},"end":{"line":89,"column":43}},"45":{"start":{"line":90,"column":2},"end":{"line":90,"column":63}},"46":{"start":{"line":91,"column":2},"end":{"line":91,"column":64}},"47":{"start":{"line":92,"column":2},"end":{"line":92,"column":73}},"48":{"start":{"line":93,"column":2},"end":{"line":93,"column":66}},"49":{"start":{"line":94,"column":2},"end":{"line":94,"column":68}},"50":{"start":{"line":95,"column":2},"end":{"line":95,"column":70}},"51":{"start":{"line":96,"column":2},"end":{"line":96,"column":60}},"52":{"start":{"line":97,"column":2},"end":{"line":97,"column":33}},"53":{"start":{"line":98,"column":2},"end":{"line":98,"column":36}},"54":{"start":{"line":99,"column":2},"end":{"line":99,"column":47}},"55":{"start":{"line":99,"column":26},"end":{"line":99,"column":47}},"56":{"start":{"line":100,"column":2},"end":{"line":100,"column":35}},"57":{"start":{"line":101,"column":14},"end":{"line":101,"column":46}},"58":{"start":{"line":102,"column":2},"end":{"line":102,"column":39}}},"fnMap":{"0":{"name":"distinctToSQL","decl":{"start":{"line":8,"column":9},"end":{"line":8,"column":22}},"loc":{"start":{"line":8,"column":33},"end":{"line":15,"column":1}},"line":8},"1":{"name":"selectIntoToSQL","decl":{"start":{"line":17,"column":9},"end":{"line":17,"column":24}},"loc":{"start":{"line":17,"column":31},"end":{"line":32,"column":1}},"line":17},"2":{"name":"forXmlToSQL","decl":{"start":{"line":48,"column":9},"end":{"line":48,"column":20}},"loc":{"start":{"line":48,"column":27},"end":{"line":54,"column":1}},"line":48},"3":{"name":"selectToSQL","decl":{"start":{"line":56,"column":9},"end":{"line":56,"column":20}},"loc":{"start":{"line":56,"column":27},"end":{"line":103,"column":1}},"line":56}},"branchMap":{"0":{"loc":{"start":{"line":9,"column":2},"end":{"line":9,"column":23}},"type":"if","locations":[{"start":{"line":9,"column":2},"end":{"line":9,"column":23}},{"start":{"line":9,"column":2},"end":{"line":9,"column":23}}],"line":9},"1":{"loc":{"start":{"line":10,"column":2},"end":{"line":10,"column":51}},"type":"if","locations":[{"start":{"line":10,"column":2},"end":{"line":10,"column":51}},{"start":{"line":10,"column":2},"end":{"line":10,"column":51}}],"line":10},"2":{"loc":{"start":{"line":13,"column":2},"end":{"line":13,"column":73}},"type":"if","locations":[{"start":{"line":13,"column":2},"end":{"line":13,"column":73}},{"start":{"line":13,"column":2},"end":{"line":13,"column":73}}],"line":13},"3":{"loc":{"start":{"line":18,"column":2},"end":{"line":18,"column":19}},"type":"if","locations":[{"start":{"line":18,"column":2},"end":{"line":18,"column":19}},{"start":{"line":18,"column":2},"end":{"line":18,"column":19}}],"line":18},"4":{"loc":{"start":{"line":20,"column":2},"end":{"line":20,"column":23}},"type":"if","locations":[{"start":{"line":20,"column":2},"end":{"line":20,"column":23}},{"start":{"line":20,"column":2},"end":{"line":20,"column":23}}],"line":20},"5":{"loc":{"start":{"line":24,"column":2},"end":{"line":30,"column":3}},"type":"switch","locations":[{"start":{"line":25,"column":4},"end":{"line":27,"column":11}},{"start":{"line":28,"column":4},"end":{"line":29,"column":95}}],"line":24},"6":{"loc":{"start":{"line":29,"column":28},"end":{"line":29,"column":94}},"type":"cond-expr","locations":[{"start":{"line":29,"column":55},"end":{"line":29,"column":76}},{"start":{"line":29,"column":79},"end":{"line":29,"column":94}}],"line":29},"7":{"loc":{"start":{"line":49,"column":2},"end":{"line":49,"column":19}},"type":"if","locations":[{"start":{"line":49,"column":2},"end":{"line":49,"column":19}},{"start":{"line":49,"column":2},"end":{"line":49,"column":19}}],"line":49},"8":{"loc":{"start":{"line":52,"column":2},"end":{"line":52,"column":36}},"type":"if","locations":[{"start":{"line":52,"column":2},"end":{"line":52,"column":36}},{"start":{"line":52,"column":2},"end":{"line":52,"column":36}}],"line":52},"9":{"loc":{"start":{"line":63,"column":24},"end":{"line":63,"column":38}},"type":"default-arg","locations":[{"start":{"line":63,"column":36},"end":{"line":63,"column":38}}],"line":63},"10":{"loc":{"start":{"line":67,"column":4},"end":{"line":67,"column":13}},"type":"default-arg","locations":[{"start":{"line":67,"column":11},"end":{"line":67,"column":13}}],"line":67},"11":{"loc":{"start":{"line":80,"column":2},"end":{"line":80,"column":61}},"type":"if","locations":[{"start":{"line":80,"column":2},"end":{"line":80,"column":61}},{"start":{"line":80,"column":2},"end":{"line":80,"column":61}}],"line":80},"12":{"loc":{"start":{"line":84,"column":2},"end":{"line":84,"column":78}},"type":"if","locations":[{"start":{"line":84,"column":2},"end":{"line":84,"column":78}},{"start":{"line":84,"column":2},"end":{"line":84,"column":78}}],"line":84},"13":{"loc":{"start":{"line":85,"column":2},"end":{"line":85,"column":50}},"type":"if","locations":[{"start":{"line":85,"column":2},"end":{"line":85,"column":50}},{"start":{"line":85,"column":2},"end":{"line":85,"column":50}}],"line":85},"14":{"loc":{"start":{"line":88,"column":2},"end":{"line":88,"column":48}},"type":"if","locations":[{"start":{"line":88,"column":2},"end":{"line":88,"column":48}},{"start":{"line":88,"column":2},"end":{"line":88,"column":48}}],"line":88},"15":{"loc":{"start":{"line":89,"column":28},"end":{"line":89,"column":43}},"type":"binary-expr","locations":[{"start":{"line":89,"column":28},"end":{"line":89,"column":37}},{"start":{"line":89,"column":41},"end":{"line":89,"column":43}}],"line":89},"16":{"loc":{"start":{"line":99,"column":2},"end":{"line":99,"column":47}},"type":"if","locations":[{"start":{"line":99,"column":2},"end":{"line":99,"column":47}},{"start":{"line":99,"column":2},"end":{"line":99,"column":47}}],"line":99},"17":{"loc":{"start":{"line":102,"column":9},"end":{"line":102,"column":39}},"type":"cond-expr","locations":[{"start":{"line":102,"column":23},"end":{"line":102,"column":33}},{"start":{"line":102,"column":36},"end":{"line":102,"column":39}}],"line":102}},"s":{"0":1051,"1":834,"2":217,"3":5,"4":212,"5":212,"6":212,"7":1,"8":212,"9":20,"10":1,"11":19,"12":19,"13":1,"14":18,"15":18,"16":18,"17":18,"18":8,"19":8,"20":10,"21":18,"22":1051,"23":1047,"24":4,"25":4,"26":4,"27":2,"28":2,"29":1051,"30":1051,"31":1051,"32":1051,"33":1,"34":1051,"35":1051,"36":1051,"37":1051,"38":18,"39":1051,"40":10,"41":1051,"42":1051,"43":6,"44":1051,"45":1051,"46":1051,"47":1051,"48":1051,"49":1051,"50":1051,"51":1051,"52":1051,"53":1051,"54":1051,"55":2,"56":1051,"57":1051,"58":1051},"f":{"0":1051,"1":20,"2":1051,"3":1051},"b":{"0":[834,217],"1":[5,212],"2":[1,211],"3":[1,19],"4":[1,18],"5":[8,10],"6":[6,4],"7":[1047,4],"8":[2,2],"9":[930],"10":[296],"11":[1,1050],"12":[18,1033],"13":[10,1041],"14":[6,1045],"15":[1051,118],"16":[2,1049],"17":[37,1014]},"_coverageSchema":"332fd63041d2c1bcb487cc26dd0d5f7d97098a6c","hash":"1f3116c2176878d64d9dc140fae18f9625d4c473"},"/home/cmatzenbach/Projects/node-sql-parser/src/update.js":{"path":"/home/cmatzenbach/Projects/node-sql-parser/src/update.js","statementMap":{"0":{"start":{"line":13,"column":2},"end":{"line":13,"column":43}},"1":{"start":{"line":13,"column":34},"end":{"line":13,"column":43}},"2":{"start":{"line":14,"column":18},"end":{"line":14,"column":20}},"3":{"start":{"line":15,"column":2},"end":{"line":25,"column":3}},"4":{"start":{"line":16,"column":37},"end":{"line":16,"column":40}},"5":{"start":{"line":17,"column":16},"end":{"line":17,"column":93}},"6":{"start":{"line":18,"column":20},"end":{"line":18,"column":25}},"7":{"start":{"line":19,"column":14},"end":{"line":19,"column":16}},"8":{"start":{"line":20,"column":4},"end":{"line":23,"column":5}},"9":{"start":{"line":21,"column":6},"end":{"line":21,"column":28}},"10":{"start":{"line":22,"column":6},"end":{"line":22,"column":28}},"11":{"start":{"line":24,"column":4},"end":{"line":24,"column":50}},"12":{"start":{"line":26,"column":2},"end":{"line":26,"column":27}},"13":{"start":{"line":30,"column":81},"end":{"line":30,"column":85}},"14":{"start":{"line":31,"column":18},"end":{"line":41,"column":3}},"15":{"start":{"line":42,"column":2},"end":{"line":42,"column":41}}},"fnMap":{"0":{"name":"setToSQL","decl":{"start":{"line":12,"column":9},"end":{"line":12,"column":17}},"loc":{"start":{"line":12,"column":24},"end":{"line":27,"column":1}},"line":12},"1":{"name":"updateToSQL","decl":{"start":{"line":29,"column":9},"end":{"line":29,"column":20}},"loc":{"start":{"line":29,"column":27},"end":{"line":43,"column":1}},"line":29}},"branchMap":{"0":{"loc":{"start":{"line":13,"column":2},"end":{"line":13,"column":43}},"type":"if","locations":[{"start":{"line":13,"column":2},"end":{"line":13,"column":43}},{"start":{"line":13,"column":2},"end":{"line":13,"column":43}}],"line":13},"1":{"loc":{"start":{"line":13,"column":6},"end":{"line":13,"column":32}},"type":"binary-expr","locations":[{"start":{"line":13,"column":6},"end":{"line":13,"column":11}},{"start":{"line":13,"column":15},"end":{"line":13,"column":32}}],"line":13},"2":{"loc":{"start":{"line":20,"column":4},"end":{"line":23,"column":5}},"type":"if","locations":[{"start":{"line":20,"column":4},"end":{"line":23,"column":5}},{"start":{"line":20,"column":4},"end":{"line":23,"column":5}}],"line":20}},"s":{"0":71,"1":1,"2":70,"3":70,"4":85,"5":85,"6":85,"7":85,"8":85,"9":84,"10":84,"11":85,"12":70,"13":59,"14":59,"15":59},"f":{"0":71,"1":59},"b":{"0":[1,70],"1":[71,71],"2":[84,1]},"_coverageSchema":"332fd63041d2c1bcb487cc26dd0d5f7d97098a6c","hash":"223dc4bf833dbde859495805812bb936b80585bd"},"/home/cmatzenbach/Projects/node-sql-parser/src/insert.js":{"path":"/home/cmatzenbach/Projects/node-sql-parser/src/insert.js","statementMap":{"0":{"start":{"line":13,"column":2},"end":{"line":13,"column":58}},"1":{"start":{"line":13,"column":32},"end":{"line":13,"column":58}},"2":{"start":{"line":14,"column":18},"end":{"line":14,"column":39}},"3":{"start":{"line":15,"column":2},"end":{"line":15,"column":36}},"4":{"start":{"line":19,"column":2},"end":{"line":19,"column":27}},"5":{"start":{"line":19,"column":18},"end":{"line":19,"column":27}},"6":{"start":{"line":20,"column":23},"end":{"line":20,"column":41}},"7":{"start":{"line":21,"column":2},"end":{"line":26,"column":3}},"8":{"start":{"line":22,"column":4},"end":{"line":22,"column":64}},"9":{"start":{"line":24,"column":22},"end":{"line":24,"column":31}},"10":{"start":{"line":25,"column":4},"end":{"line":25,"column":54}},"11":{"start":{"line":27,"column":2},"end":{"line":27,"column":24}},"12":{"start":{"line":28,"column":2},"end":{"line":28,"column":45}},"13":{"start":{"line":32,"column":2},"end":{"line":32,"column":32}},"14":{"start":{"line":32,"column":23},"end":{"line":32,"column":32}},"15":{"start":{"line":33,"column":19},"end":{"line":33,"column":33}},"16":{"start":{"line":34,"column":2},"end":{"line":37,"column":3}},"17":{"start":{"line":36,"column":6},"end":{"line":36,"column":70}},"18":{"start":{"line":41,"column":28},"end":{"line":41,"column":42}},"19":{"start":{"line":42,"column":19},"end":{"line":42,"column":23}},"20":{"start":{"line":43,"column":17},"end":{"line":43,"column":35}},"21":{"start":{"line":44,"column":2},"end":{"line":51,"column":3}},"22":{"start":{"line":46,"column":6},"end":{"line":46,"column":37}},"23":{"start":{"line":47,"column":6},"end":{"line":47,"column":11}},"24":{"start":{"line":49,"column":6},"end":{"line":49,"column":132}},"25":{"start":{"line":50,"column":6},"end":{"line":50,"column":11}},"26":{"start":{"line":52,"column":2},"end":{"line":52,"column":40}},"27":{"start":{"line":56,"column":2},"end":{"line":56,"column":26}},"28":{"start":{"line":56,"column":17},"end":{"line":56,"column":26}},"29":{"start":{"line":57,"column":29},"end":{"line":57,"column":37}},"30":{"start":{"line":58,"column":17},"end":{"line":58,"column":75}},"31":{"start":{"line":59,"column":2},"end":{"line":59,"column":40}},"32":{"start":{"line":75,"column":6},"end":{"line":75,"column":10}},"33":{"start":{"line":76,"column":41},"end":{"line":76,"column":64}},"34":{"start":{"line":77,"column":18},"end":{"line":77,"column":97}},"35":{"start":{"line":78,"column":2},"end":{"line":78,"column":87}},"36":{"start":{"line":78,"column":30},"end":{"line":78,"column":87}},"37":{"start":{"line":79,"column":2},"end":{"line":79,"column":97}},"38":{"start":{"line":80,"column":2},"end":{"line":80,"column":77}},"39":{"start":{"line":81,"column":2},"end":{"line":81,"column":59}},"40":{"start":{"line":82,"column":2},"end":{"line":82,"column":64}},"41":{"start":{"line":83,"column":2},"end":{"line":83,"column":41}},"42":{"start":{"line":84,"column":2},"end":{"line":84,"column":70}},"43":{"start":{"line":85,"column":2},"end":{"line":85,"column":41}}},"fnMap":{"0":{"name":"valuesToSQL","decl":{"start":{"line":12,"column":9},"end":{"line":12,"column":20}},"loc":{"start":{"line":12,"column":29},"end":{"line":16,"column":1}},"line":12},"1":{"name":"partitionToSQL","decl":{"start":{"line":18,"column":9},"end":{"line":18,"column":23}},"loc":{"start":{"line":18,"column":35},"end":{"line":29,"column":1}},"line":18},"2":{"name":"conflictTargetToSQL","decl":{"start":{"line":31,"column":9},"end":{"line":31,"column":28}},"loc":{"start":{"line":31,"column":45},"end":{"line":38,"column":1}},"line":31},"3":{"name":"conflictActionToSQL","decl":{"start":{"line":40,"column":9},"end":{"line":40,"column":28}},"loc":{"start":{"line":40,"column":45},"end":{"line":53,"column":1}},"line":40},"4":{"name":"conflictToSQL","decl":{"start":{"line":55,"column":9},"end":{"line":55,"column":22}},"loc":{"start":{"line":55,"column":33},"end":{"line":60,"column":1}},"line":55},"5":{"name":"insertToSQL","decl":{"start":{"line":62,"column":9},"end":{"line":62,"column":20}},"loc":{"start":{"line":62,"column":27},"end":{"line":86,"column":1}},"line":62}},"branchMap":{"0":{"loc":{"start":{"line":13,"column":2},"end":{"line":13,"column":58}},"type":"if","locations":[{"start":{"line":13,"column":2},"end":{"line":13,"column":58}},{"start":{"line":13,"column":2},"end":{"line":13,"column":58}}],"line":13},"1":{"loc":{"start":{"line":19,"column":2},"end":{"line":19,"column":27}},"type":"if","locations":[{"start":{"line":19,"column":2},"end":{"line":19,"column":27}},{"start":{"line":19,"column":2},"end":{"line":19,"column":27}}],"line":19},"2":{"loc":{"start":{"line":21,"column":2},"end":{"line":26,"column":3}},"type":"if","locations":[{"start":{"line":21,"column":2},"end":{"line":26,"column":3}},{"start":{"line":21,"column":2},"end":{"line":26,"column":3}}],"line":21},"3":{"loc":{"start":{"line":32,"column":2},"end":{"line":32,"column":32}},"type":"if","locations":[{"start":{"line":32,"column":2},"end":{"line":32,"column":32}},{"start":{"line":32,"column":2},"end":{"line":32,"column":32}}],"line":32},"4":{"loc":{"start":{"line":34,"column":2},"end":{"line":37,"column":3}},"type":"switch","locations":[{"start":{"line":35,"column":4},"end":{"line":36,"column":70}}],"line":34},"5":{"loc":{"start":{"line":44,"column":2},"end":{"line":51,"column":3}},"type":"switch","locations":[{"start":{"line":45,"column":4},"end":{"line":47,"column":11}},{"start":{"line":48,"column":4},"end":{"line":50,"column":11}}],"line":44},"6":{"loc":{"start":{"line":56,"column":2},"end":{"line":56,"column":26}},"type":"if","locations":[{"start":{"line":56,"column":2},"end":{"line":56,"column":26}},{"start":{"line":56,"column":2},"end":{"line":56,"column":26}}],"line":56},"7":{"loc":{"start":{"line":66,"column":4},"end":{"line":66,"column":19}},"type":"default-arg","locations":[{"start":{"line":66,"column":13},"end":{"line":66,"column":19}}],"line":66},"8":{"loc":{"start":{"line":76,"column":41},"end":{"line":76,"column":64}},"type":"binary-expr","locations":[{"start":{"line":76,"column":41},"end":{"line":76,"column":58}},{"start":{"line":76,"column":62},"end":{"line":76,"column":64}}],"line":76},"9":{"loc":{"start":{"line":78,"column":2},"end":{"line":78,"column":87}},"type":"if","locations":[{"start":{"line":78,"column":2},"end":{"line":78,"column":87}},{"start":{"line":78,"column":2},"end":{"line":78,"column":87}}],"line":78},"10":{"loc":{"start":{"line":79,"column":37},"end":{"line":79,"column":74}},"type":"cond-expr","locations":[{"start":{"line":79,"column":61},"end":{"line":79,"column":69}},{"start":{"line":79,"column":72},"end":{"line":79,"column":74}}],"line":79}},"s":{"0":46,"1":4,"2":42,"3":42,"4":39,"5":33,"6":6,"7":6,"8":5,"9":1,"10":1,"11":6,"12":6,"13":2,"14":1,"15":1,"16":1,"17":1,"18":2,"19":2,"20":2,"21":2,"22":1,"23":1,"24":1,"25":1,"26":2,"27":3,"28":1,"29":2,"30":2,"31":2,"32":39,"33":39,"34":39,"35":39,"36":25,"37":39,"38":39,"39":39,"40":39,"41":39,"42":39,"43":39},"f":{"0":46,"1":39,"2":2,"3":2,"4":3,"5":39},"b":{"0":[4,42],"1":[33,6],"2":[5,1],"3":[1,1],"4":[1],"5":[1,1],"6":[1,2],"7":[12],"8":[39,36],"9":[25,14],"10":[30,9]},"_coverageSchema":"332fd63041d2c1bcb487cc26dd0d5f7d97098a6c","hash":"ebed0603fb1a8e99616a7fb3ea1a72f23326d0af"},"/home/cmatzenbach/Projects/node-sql-parser/src/interval.js":{"path":"/home/cmatzenbach/Projects/node-sql-parser/src/interval.js","statementMap":{"0":{"start":{"line":5,"column":25},"end":{"line":5,"column":37}},"1":{"start":{"line":6,"column":17},"end":{"line":6,"column":61}},"2":{"start":{"line":7,"column":2},"end":{"line":7,"column":40}}},"fnMap":{"0":{"name":"intervalToSQL","decl":{"start":{"line":4,"column":9},"end":{"line":4,"column":22}},"loc":{"start":{"line":4,"column":37},"end":{"line":8,"column":1}},"line":4}},"branchMap":{},"s":{"0":19,"1":19,"2":19},"f":{"0":19},"b":{},"_coverageSchema":"332fd63041d2c1bcb487cc26dd0d5f7d97098a6c","hash":"cd57f5d0a50302e4719b0d763f9d199ebba3e8de"},"/home/cmatzenbach/Projects/node-sql-parser/src/tables.js":{"path":"/home/cmatzenbach/Projects/node-sql-parser/src/tables.js","statementMap":{"0":{"start":{"line":9,"column":54},"end":{"line":9,"column":64}},"1":{"start":{"line":10,"column":17},"end":{"line":18,"column":3}},"2":{"start":{"line":19,"column":2},"end":{"line":19,"column":40}},"3":{"start":{"line":23,"column":46},"end":{"line":23,"column":54}},"4":{"start":{"line":24,"column":17},"end":{"line":29,"column":3}},"5":{"start":{"line":30,"column":14},"end":{"line":30,"column":55}},"6":{"start":{"line":31,"column":2},"end":{"line":31,"column":45}},"7":{"start":{"line":31,"column":10},"end":{"line":31,"column":45}},"8":{"start":{"line":32,"column":2},"end":{"line":32,"column":22}},"9":{"start":{"line":36,"column":2},"end":{"line":36,"column":23}},"10":{"start":{"line":36,"column":17},"end":{"line":36,"column":23}},"11":{"start":{"line":37,"column":19},"end":{"line":37,"column":27}},"12":{"start":{"line":38,"column":2},"end":{"line":44,"column":3}},"13":{"start":{"line":41,"column":6},"end":{"line":41,"column":41}},"14":{"start":{"line":43,"column":6},"end":{"line":43,"column":15}},"15":{"start":{"line":48,"column":2},"end":{"line":48,"column":28}},"16":{"start":{"line":48,"column":22},"end":{"line":48,"column":28}},"17":{"start":{"line":49,"column":71},"end":{"line":49,"column":84}},"18":{"start":{"line":50,"column":17},"end":{"line":50,"column":19}},"19":{"start":{"line":51,"column":2},"end":{"line":63,"column":3}},"20":{"start":{"line":53,"column":6},"end":{"line":53,"column":129}},"21":{"start":{"line":54,"column":6},"end":{"line":54,"column":11}},"22":{"start":{"line":56,"column":6},"end":{"line":56,"column":57}},"23":{"start":{"line":57,"column":6},"end":{"line":57,"column":11}},"24":{"start":{"line":59,"column":6},"end":{"line":59,"column":142}},"25":{"start":{"line":60,"column":6},"end":{"line":60,"column":11}},"26":{"start":{"line":62,"column":6},"end":{"line":62,"column":34}},"27":{"start":{"line":64,"column":2},"end":{"line":64,"column":40}},"28":{"start":{"line":68,"column":2},"end":{"line":68,"column":24}},"29":{"start":{"line":68,"column":15},"end":{"line":68,"column":24}},"30":{"start":{"line":69,"column":45},"end":{"line":69,"column":51}},"31":{"start":{"line":70,"column":24},"end":{"line":70,"column":114}},"32":{"start":{"line":71,"column":17},"end":{"line":71,"column":124}},"33":{"start":{"line":72,"column":2},"end":{"line":72,"column":40}},"34":{"start":{"line":76,"column":2},"end":{"line":76,"column":73}},"35":{"start":{"line":76,"column":44},"end":{"line":76,"column":73}},"36":{"start":{"line":77,"column":104},"end":{"line":77,"column":113}},"37":{"start":{"line":78,"column":21},"end":{"line":78,"column":44}},"38":{"start":{"line":79,"column":19},"end":{"line":79,"column":38}},"39":{"start":{"line":80,"column":20},"end":{"line":80,"column":43}},"40":{"start":{"line":81,"column":18},"end":{"line":81,"column":49}},"41":{"start":{"line":82,"column":2},"end":{"line":99,"column":3}},"42":{"start":{"line":83,"column":21},"end":{"line":83,"column":30}},"43":{"start":{"line":84,"column":4},"end":{"line":98,"column":5}},"44":{"start":{"line":86,"column":48},"end":{"line":86,"column":52}},"45":{"start":{"line":87,"column":25},"end":{"line":87,"column":69}},"46":{"start":{"line":88,"column":25},"end":{"line":88,"column":44}},"47":{"start":{"line":89,"column":8},"end":{"line":89,"column":112}},"48":{"start":{"line":89,"column":20},"end":{"line":89,"column":112}},"49":{"start":{"line":89,"column":75},"end":{"line":89,"column":102}},"50":{"start":{"line":90,"column":8},"end":{"line":90,"column":44}},"51":{"start":{"line":91,"column":8},"end":{"line":91,"column":52}},"52":{"start":{"line":92,"column":8},"end":{"line":92,"column":13}},"53":{"start":{"line":94,"column":8},"end":{"line":94,"column":42}},"54":{"start":{"line":95,"column":8},"end":{"line":95,"column":13}},"55":{"start":{"line":97,"column":8},"end":{"line":97,"column":35}},"56":{"start":{"line":100,"column":2},"end":{"line":100,"column":70}},"57":{"start":{"line":101,"column":12},"end":{"line":101,"column":81}},"58":{"start":{"line":102,"column":2},"end":{"line":102,"column":45}},"59":{"start":{"line":102,"column":29},"end":{"line":102,"column":45}},"60":{"start":{"line":103,"column":17},"end":{"line":103,"column":22}},"61":{"start":{"line":104,"column":2},"end":{"line":107,"column":3}},"62":{"start":{"line":105,"column":27},"end":{"line":105,"column":134}},"63":{"start":{"line":106,"column":4},"end":{"line":106,"column":31}},"64":{"start":{"line":108,"column":2},"end":{"line":108,"column":88}},"65":{"start":{"line":109,"column":2},"end":{"line":109,"column":128}},"66":{"start":{"line":109,"column":18},"end":{"line":109,"column":128}},"67":{"start":{"line":110,"column":2},"end":{"line":110,"column":40}},"68":{"start":{"line":118,"column":2},"end":{"line":118,"column":24}},"69":{"start":{"line":118,"column":15},"end":{"line":118,"column":24}},"70":{"start":{"line":119,"column":2},"end":{"line":124,"column":3}},"71":{"start":{"line":120,"column":34},"end":{"line":120,"column":40}},"72":{"start":{"line":121,"column":16},"end":{"line":121,"column":33}},"73":{"start":{"line":122,"column":4},"end":{"line":122,"column":38}},"74":{"start":{"line":122,"column":21},"end":{"line":122,"column":38}},"75":{"start":{"line":123,"column":4},"end":{"line":123,"column":14}},"76":{"start":{"line":125,"column":20},"end":{"line":125,"column":29}},"77":{"start":{"line":126,"column":18},"end":{"line":126,"column":20}},"78":{"start":{"line":127,"column":2},"end":{"line":127,"column":46}},"79":{"start":{"line":127,"column":33},"end":{"line":127,"column":46}},"80":{"start":{"line":128,"column":2},"end":{"line":128,"column":37}},"81":{"start":{"line":129,"column":2},"end":{"line":138,"column":3}},"82":{"start":{"line":130,"column":21},"end":{"line":130,"column":30}},"83":{"start":{"line":131,"column":32},"end":{"line":131,"column":40}},"84":{"start":{"line":132,"column":16},"end":{"line":132,"column":18}},"85":{"start":{"line":133,"column":4},"end":{"line":133,"column":46}},"86":{"start":{"line":134,"column":4},"end":{"line":134,"column":34}},"87":{"start":{"line":135,"column":4},"end":{"line":135,"column":56}},"88":{"start":{"line":136,"column":4},"end":{"line":136,"column":75}},"89":{"start":{"line":136,"column":15},"end":{"line":136,"column":75}},"90":{"start":{"line":137,"column":4},"end":{"line":137,"column":46}},"91":{"start":{"line":139,"column":2},"end":{"line":139,"column":40}},"92":{"start":{"line":143,"column":37},"end":{"line":143,"column":48}},"93":{"start":{"line":144,"column":14},"end":{"line":144,"column":37}},"94":{"start":{"line":145,"column":2},"end":{"line":145,"column":30}},"95":{"start":{"line":145,"column":14},"end":{"line":145,"column":30}},"96":{"start":{"line":146,"column":12},"end":{"line":146,"column":17}},"97":{"start":{"line":147,"column":2},"end":{"line":158,"column":3}},"98":{"start":{"line":150,"column":6},"end":{"line":150,"column":28}},"99":{"start":{"line":151,"column":6},"end":{"line":151,"column":11}},"100":{"start":{"line":153,"column":6},"end":{"line":153,"column":153}},"101":{"start":{"line":153,"column":45},"end":{"line":153,"column":138}},"102":{"start":{"line":154,"column":6},"end":{"line":154,"column":11}},"103":{"start":{"line":156,"column":6},"end":{"line":156,"column":43}},"104":{"start":{"line":157,"column":6},"end":{"line":157,"column":11}},"105":{"start":{"line":159,"column":2},"end":{"line":159,"column":15}},"106":{"start":{"line":160,"column":2},"end":{"line":160,"column":22}}},"fnMap":{"0":{"name":"unnestToSQL","decl":{"start":{"line":8,"column":9},"end":{"line":8,"column":20}},"loc":{"start":{"line":8,"column":33},"end":{"line":20,"column":1}},"line":8},"1":{"name":"pivotOperatorToSQL","decl":{"start":{"line":22,"column":9},"end":{"line":22,"column":27}},"loc":{"start":{"line":22,"column":38},"end":{"line":33,"column":1}},"line":22},"2":{"name":"operatorToSQL","decl":{"start":{"line":35,"column":9},"end":{"line":35,"column":22}},"loc":{"start":{"line":35,"column":33},"end":{"line":45,"column":1}},"line":35},"3":{"name":"tableHintToSQL","decl":{"start":{"line":47,"column":9},"end":{"line":47,"column":23}},"loc":{"start":{"line":47,"column":39},"end":{"line":65,"column":1}},"line":47},"4":{"name":"tableTumbleToSQL","decl":{"start":{"line":67,"column":9},"end":{"line":67,"column":25}},"loc":{"start":{"line":67,"column":34},"end":{"line":73,"column":1}},"line":67},"5":{"name":"tableToSQL","decl":{"start":{"line":75,"column":9},"end":{"line":75,"column":19}},"loc":{"start":{"line":75,"column":31},"end":{"line":111,"column":1}},"line":75},"6":{"name":"(anonymous_6)","decl":{"start":{"line":89,"column":68},"end":{"line":89,"column":69}},"loc":{"start":{"line":89,"column":75},"end":{"line":89,"column":102}},"line":89},"7":{"name":"tablesToSQL","decl":{"start":{"line":117,"column":9},"end":{"line":117,"column":20}},"loc":{"start":{"line":117,"column":29},"end":{"line":140,"column":1}},"line":117},"8":{"name":"tableOptionToSQL","decl":{"start":{"line":142,"column":9},"end":{"line":142,"column":25}},"loc":{"start":{"line":142,"column":39},"end":{"line":161,"column":1}},"line":142},"9":{"name":"(anonymous_9)","decl":{"start":{"line":153,"column":26},"end":{"line":153,"column":27}},"loc":{"start":{"line":153,"column":45},"end":{"line":153,"column":138}},"line":153}},"branchMap":{"0":{"loc":{"start":{"line":11,"column":24},"end":{"line":11,"column":53}},"type":"binary-expr","locations":[{"start":{"line":11,"column":24},"end":{"line":11,"column":28}},{"start":{"line":11,"column":32},"end":{"line":11,"column":47}},{"start":{"line":11,"column":51},"end":{"line":11,"column":53}}],"line":11},"1":{"loc":{"start":{"line":14,"column":14},"end":{"line":14,"column":46}},"type":"binary-expr","locations":[{"start":{"line":14,"column":14},"end":{"line":14,"column":24}},{"start":{"line":14,"column":28},"end":{"line":14,"column":46}}],"line":14},"2":{"loc":{"start":{"line":16,"column":6},"end":{"line":16,"column":33}},"type":"binary-expr","locations":[{"start":{"line":16,"column":6},"end":{"line":16,"column":16}},{"start":{"line":16,"column":20},"end":{"line":16,"column":33}}],"line":16},"3":{"loc":{"start":{"line":31,"column":2},"end":{"line":31,"column":45}},"type":"if","locations":[{"start":{"line":31,"column":2},"end":{"line":31,"column":45}},{"start":{"line":31,"column":2},"end":{"line":31,"column":45}}],"line":31},"4":{"loc":{"start":{"line":36,"column":2},"end":{"line":36,"column":23}},"type":"if","locations":[{"start":{"line":36,"column":2},"end":{"line":36,"column":23}},{"start":{"line":36,"column":2},"end":{"line":36,"column":23}}],"line":36},"5":{"loc":{"start":{"line":38,"column":2},"end":{"line":44,"column":3}},"type":"switch","locations":[{"start":{"line":39,"column":4},"end":{"line":39,"column":17}},{"start":{"line":40,"column":4},"end":{"line":41,"column":41}},{"start":{"line":42,"column":4},"end":{"line":43,"column":15}}],"line":38},"6":{"loc":{"start":{"line":48,"column":2},"end":{"line":48,"column":28}},"type":"if","locations":[{"start":{"line":48,"column":2},"end":{"line":48,"column":28}},{"start":{"line":48,"column":2},"end":{"line":48,"column":28}}],"line":48},"7":{"loc":{"start":{"line":51,"column":2},"end":{"line":63,"column":3}},"type":"switch","locations":[{"start":{"line":52,"column":4},"end":{"line":54,"column":11}},{"start":{"line":55,"column":4},"end":{"line":57,"column":11}},{"start":{"line":58,"column":4},"end":{"line":60,"column":11}},{"start":{"line":61,"column":4},"end":{"line":62,"column":34}}],"line":51},"8":{"loc":{"start":{"line":59,"column":53},"end":{"line":59,"column":141}},"type":"cond-expr","locations":[{"start":{"line":59,"column":67},"end":{"line":59,"column":110}},{"start":{"line":59,"column":113},"end":{"line":59,"column":141}}],"line":59},"9":{"loc":{"start":{"line":68,"column":2},"end":{"line":68,"column":24}},"type":"if","locations":[{"start":{"line":68,"column":2},"end":{"line":68,"column":24}},{"start":{"line":68,"column":2},"end":{"line":68,"column":24}}],"line":68},"10":{"loc":{"start":{"line":76,"column":2},"end":{"line":76,"column":73}},"type":"if","locations":[{"start":{"line":76,"column":2},"end":{"line":76,"column":73}},{"start":{"line":76,"column":2},"end":{"line":76,"column":73}}],"line":76},"11":{"loc":{"start":{"line":81,"column":18},"end":{"line":81,"column":49}},"type":"binary-expr","locations":[{"start":{"line":81,"column":18},"end":{"line":81,"column":23}},{"start":{"line":81,"column":27},"end":{"line":81,"column":49}}],"line":81},"12":{"loc":{"start":{"line":82,"column":2},"end":{"line":99,"column":3}},"type":"if","locations":[{"start":{"line":82,"column":2},"end":{"line":99,"column":3}},{"start":{"line":82,"column":2},"end":{"line":99,"column":3}}],"line":82},"13":{"loc":{"start":{"line":84,"column":4},"end":{"line":98,"column":5}},"type":"switch","locations":[{"start":{"line":85,"column":6},"end":{"line":92,"column":13}},{"start":{"line":93,"column":6},"end":{"line":95,"column":13}},{"start":{"line":96,"column":6},"end":{"line":97,"column":35}}],"line":84},"14":{"loc":{"start":{"line":87,"column":26},"end":{"line":87,"column":44}},"type":"binary-expr","locations":[{"start":{"line":87,"column":26},"end":{"line":87,"column":37}},{"start":{"line":87,"column":41},"end":{"line":87,"column":44}}],"line":87},"15":{"loc":{"start":{"line":87,"column":50},"end":{"line":87,"column":68}},"type":"binary-expr","locations":[{"start":{"line":87,"column":50},"end":{"line":87,"column":61}},{"start":{"line":87,"column":65},"end":{"line":87,"column":68}}],"line":87},"16":{"loc":{"start":{"line":89,"column":8},"end":{"line":89,"column":112}},"type":"if","locations":[{"start":{"line":89,"column":8},"end":{"line":89,"column":112}},{"start":{"line":89,"column":8},"end":{"line":89,"column":112}}],"line":89},"17":{"loc":{"start":{"line":102,"column":2},"end":{"line":102,"column":45}},"type":"if","locations":[{"start":{"line":102,"column":2},"end":{"line":102,"column":45}},{"start":{"line":102,"column":2},"end":{"line":102,"column":45}}],"line":102},"18":{"loc":{"start":{"line":104,"column":2},"end":{"line":107,"column":3}},"type":"if","locations":[{"start":{"line":104,"column":2},"end":{"line":107,"column":3}},{"start":{"line":104,"column":2},"end":{"line":107,"column":3}}],"line":104},"19":{"loc":{"start":{"line":109,"column":2},"end":{"line":109,"column":128}},"type":"if","locations":[{"start":{"line":109,"column":2},"end":{"line":109,"column":128}},{"start":{"line":109,"column":2},"end":{"line":109,"column":128}}],"line":109},"20":{"loc":{"start":{"line":118,"column":2},"end":{"line":118,"column":24}},"type":"if","locations":[{"start":{"line":118,"column":2},"end":{"line":118,"column":24}},{"start":{"line":118,"column":2},"end":{"line":118,"column":24}}],"line":118},"21":{"loc":{"start":{"line":119,"column":2},"end":{"line":124,"column":3}},"type":"if","locations":[{"start":{"line":119,"column":2},"end":{"line":124,"column":3}},{"start":{"line":119,"column":2},"end":{"line":124,"column":3}}],"line":119},"22":{"loc":{"start":{"line":122,"column":4},"end":{"line":122,"column":38}},"type":"if","locations":[{"start":{"line":122,"column":4},"end":{"line":122,"column":38}},{"start":{"line":122,"column":4},"end":{"line":122,"column":38}}],"line":122},"23":{"loc":{"start":{"line":127,"column":2},"end":{"line":127,"column":46}},"type":"if","locations":[{"start":{"line":127,"column":2},"end":{"line":127,"column":46}},{"start":{"line":127,"column":2},"end":{"line":127,"column":46}}],"line":127},"24":{"loc":{"start":{"line":133,"column":13},"end":{"line":133,"column":45}},"type":"cond-expr","locations":[{"start":{"line":133,"column":20},"end":{"line":133,"column":39}},{"start":{"line":133,"column":42},"end":{"line":133,"column":45}}],"line":133},"25":{"loc":{"start":{"line":136,"column":4},"end":{"line":136,"column":75}},"type":"if","locations":[{"start":{"line":136,"column":4},"end":{"line":136,"column":75}},{"start":{"line":136,"column":4},"end":{"line":136,"column":75}}],"line":136},"26":{"loc":{"start":{"line":145,"column":2},"end":{"line":145,"column":30}},"type":"if","locations":[{"start":{"line":145,"column":2},"end":{"line":145,"column":30}},{"start":{"line":145,"column":2},"end":{"line":145,"column":30}}],"line":145},"27":{"loc":{"start":{"line":147,"column":2},"end":{"line":158,"column":3}},"type":"switch","locations":[{"start":{"line":148,"column":4},"end":{"line":148,"column":24}},{"start":{"line":149,"column":4},"end":{"line":151,"column":11}},{"start":{"line":152,"column":4},"end":{"line":154,"column":11}},{"start":{"line":155,"column":4},"end":{"line":157,"column":11}}],"line":147}},"s":{"0":12,"1":12,"2":12,"3":4,"4":4,"5":4,"6":4,"7":3,"8":4,"9":1401,"10":1396,"11":5,"12":5,"13":4,"14":1,"15":7,"16":1,"17":6,"18":6,"19":6,"20":1,"21":1,"22":1,"23":1,"24":2,"25":2,"26":2,"27":6,"28":2,"29":1,"30":1,"31":1,"32":1,"33":1,"34":1411,"35":11,"36":1400,"37":1400,"38":1400,"39":1400,"40":1400,"41":1400,"42":83,"43":83,"44":
[...]
column":87}},"6":{"start":{"line":51,"column":15},"end":{"line":51,"column":42}},"7":{"start":{"line":52,"column":2},"end":{"line":52,"column":30}},"8":{"start":{"line":52,"column":14},"end":{"line":52,"column":30}},"9":{"start":{"line":53,"column":2},"end":{"line":53,"column":18}},"10":{"start":{"line":54,"column":2},"end":{"line":54,"column":64}},"11":{"start":{"line":57,"column":0},"end":{"line":57,"column":33}},"12":{"start":{"line":60,"column":2},"end":{"line":60,"column":25}},"13":{"start":{"line":60,"column":19},"end":{"line":60,"column":25}},"14":{"start":{"line":61,"column":15},"end":{"line":61,"column":25}},"15":{"start":{"line":62,"column":2},"end":{"line":68,"column":3}},"16":{"start":{"line":63,"column":20},"end":{"line":63,"column":24}},"17":{"start":{"line":64,"column":4},"end":{"line":64,"column":37}},"18":{"start":{"line":65,"column":4},"end":{"line":67,"column":5}},"19":{"start":{"line":66,"column":6},"end":{"line":66,"column":26}},"20":{"start":{"line":69,"column":2},"end":{"line":69,"column":97}},"21":{"start":{"line":73,"column":42},"end":{"line":73,"column":50}},"22":{"start":{"line":74,"column":16},"end":{"line":74,"column":105}},"23":{"start":{"line":75,"column":14},"end":{"line":75,"column":53}},"24":{"start":{"line":76,"column":2},"end":{"line":76,"column":39}},"25":{"start":{"line":80,"column":2},"end":{"line":80,"column":26}},"26":{"start":{"line":80,"column":17},"end":{"line":80,"column":26}},"27":{"start":{"line":81,"column":2},"end":{"line":81,"column":32}},"28":{"start":{"line":84,"column":0},"end":{"line":87,"column":1}},"29":{"start":{"line":85,"column":14},"end":{"line":85,"column":40}},"30":{"start":{"line":86,"column":2},"end":{"line":86,"column":55}},"31":{"start":{"line":89,"column":0},"end":{"line":92,"column":1}},"32":{"start":{"line":90,"column":14},"end":{"line":90,"column":83}},"33":{"start":{"line":91,"column":2},"end":{"line":91,"column":44}},"34":{"start":{"line":94,"column":0},"end":{"line":94,"column":42}},"35":{"start":{"line":97,"column":2},"end":{"line":97,"column":37}},"36":{"start":{"line":97,"column":28},"end":{"line":97,"column":37}},"37":{"start":{"line":98,"column":20},"end":{"line":98,"column":22}},"38":{"start":{"line":99,"column":22},"end":{"line":99,"column":37}},"39":{"start":{"line":100,"column":2},"end":{"line":110,"column":3}},"40":{"start":{"line":102,"column":6},"end":{"line":102,"column":126}},"41":{"start":{"line":102,"column":37},"end":{"line":102,"column":125}},"42":{"start":{"line":103,"column":6},"end":{"line":103,"column":11}},"43":{"start":{"line":105,"column":6},"end":{"line":105,"column":58}},"44":{"start":{"line":105,"column":37},"end":{"line":105,"column":57}},"45":{"start":{"line":106,"column":6},"end":{"line":106,"column":11}},"46":{"start":{"line":108,"column":6},"end":{"line":108,"column":58}},"47":{"start":{"line":108,"column":37},"end":{"line":108,"column":57}},"48":{"start":{"line":109,"column":6},"end":{"line":109,"column":11}},"49":{"start":{"line":111,"column":2},"end":{"line":111,"column":55}}},"fnMap":{"0":{"name":"varToSQL","decl":{"start":{"line":46,"column":9},"end":{"line":46,"column":17}},"loc":{"start":{"line":46,"column":24},"end":{"line":55,"column":1}},"line":46},"1":{"name":"exprToSQL","decl":{"start":{"line":59,"column":9},"end":{"line":59,"column":18}},"loc":{"start":{"line":59,"column":31},"end":{"line":70,"column":1}},"line":59},"2":{"name":"unaryToSQL","decl":{"start":{"line":72,"column":9},"end":{"line":72,"column":19}},"loc":{"start":{"line":72,"column":30},"end":{"line":77,"column":1}},"line":72},"3":{"name":"getExprListSQL","decl":{"start":{"line":79,"column":9},"end":{"line":79,"column":23}},"loc":{"start":{"line":79,"column":34},"end":{"line":82,"column":1}},"line":79},"4":{"name":"(anonymous_4)","decl":{"start":{"line":84,"column":31},"end":{"line":84,"column":32}},"loc":{"start":{"line":84,"column":39},"end":{"line":87,"column":1}},"line":84},"5":{"name":"(anonymous_5)","decl":{"start":{"line":89,"column":28},"end":{"line":89,"column":29}},"loc":{"start":{"line":89,"column":36},"end":{"line":92,"column":1}},"line":89},"6":{"name":"orderOrPartitionByToSQL","decl":{"start":{"line":96,"column":9},"end":{"line":96,"column":32}},"loc":{"start":{"line":96,"column":47},"end":{"line":112,"column":1}},"line":96},"7":{"name":"(anonymous_7)","decl":{"start":{"line":102,"column":29},"end":{"line":102,"column":30}},"loc":{"start":{"line":102,"column":37},"end":{"line":102,"column":125}},"line":102},"8":{"name":"(anonymous_8)","decl":{"start":{"line":105,"column":29},"end":{"line":105,"column":30}},"loc":{"start":{"line":105,"column":37},"end":{"line":105,"column":57}},"line":105},"9":{"name":"(anonymous_9)","decl":{"start":{"line":108,"column":29},"end":{"line":108,"column":30}},"loc":{"start":{"line":108,"column":37},"end":{"line":108,"column":57}},"line":108}},"branchMap":{"0":{"loc":{"start":{"line":47,"column":10},"end":{"line":47,"column":22}},"type":"default-arg","locations":[{"start":{"line":47,"column":19},"end":{"line":47,"column":22}}],"line":47},"1":{"loc":{"start":{"line":49,"column":2},"end":{"line":49,"column":32}},"type":"if","locations":[{"start":{"line":49,"column":2},"end":{"line":49,"column":32}},{"start":{"line":49,"column":2},"end":{"line":49,"column":32}}],"line":49},"2":{"loc":{"start":{"line":50,"column":18},"end":{"line":50,"column":87}},"type":"cond-expr","locations":[{"start":{"line":50,"column":50},"end":{"line":50,"column":80}},{"start":{"line":50,"column":83},"end":{"line":50,"column":87}}],"line":50},"3":{"loc":{"start":{"line":50,"column":18},"end":{"line":50,"column":47}},"type":"binary-expr","locations":[{"start":{"line":50,"column":18},"end":{"line":50,"column":25}},{"start":{"line":50,"column":29},"end":{"line":50,"column":47}}],"line":50},"4":{"loc":{"start":{"line":51,"column":18},"end":{"line":51,"column":30}},"type":"binary-expr","locations":[{"start":{"line":51,"column":18},"end":{"line":51,"column":24}},{"start":{"line":51,"column":28},"end":{"line":51,"column":30}}],"line":51},"5":{"loc":{"start":{"line":52,"column":2},"end":{"line":52,"column":30}},"type":"if","locations":[{"start":{"line":52,"column":2},"end":{"line":52,"column":30}},{"start":{"line":52,"column":2},"end":{"line":52,"column":30}}],"line":52},"6":{"loc":{"start":{"line":60,"column":2},"end":{"line":60,"column":25}},"type":"if","locations":[{"start":{"line":60,"column":2},"end":{"line":60,"column":25}},{"start":{"line":60,"column":2},"end":{"line":60,"column":25}}],"line":60},"7":{"loc":{"start":{"line":62,"column":2},"end":{"line":68,"column":3}},"type":"if","locations":[{"start":{"line":62,"column":2},"end":{"line":68,"column":3}},{"start":{"line":62,"column":2},"end":{"line":68,"column":3}}],"line":62},"8":{"loc":{"start":{"line":69,"column":9},"end":{"line":69,"column":97}},"type":"cond-expr","locations":[{"start":{"line":69,"column":41},"end":{"line":69,"column":76}},{"start":{"line":69,"column":79},"end":{"line":69,"column":97}}],"line":69},"9":{"loc":{"start":{"line":74,"column":16},"end":{"line":74,"column":105}},"type":"cond-expr","locations":[{"start":{"line":74,"column":97},"end":{"line":74,"column":99}},{"start":{"line":74,"column":102},"end":{"line":74,"column":105}}],"line":74},"10":{"loc":{"start":{"line":74,"column":17},"end":{"line":74,"column":93}},"type":"binary-expr","locations":[{"start":{"line":74,"column":17},"end":{"line":74,"column":33}},{"start":{"line":74,"column":37},"end":{"line":74,"column":53}},{"start":{"line":74,"column":57},"end":{"line":74,"column":73}},{"start":{"line":74,"column":77},"end":{"line":74,"column":93}}],"line":74},"11":{"loc":{"start":{"line":76,"column":9},"end":{"line":76,"column":39}},"type":"cond-expr","locations":[{"start":{"line":76,"column":23},"end":{"line":76,"column":33}},{"start":{"line":76,"column":36},"end":{"line":76,"column":39}}],"line":76},"12":{"loc":{"start":{"line":80,"column":2},"end":{"line":80,"column":26}},"type":"if","locations":[{"start":{"line":80,"column":2},"end":{"line":80,"column":26}},{"start":{"line":80,"column":2},"end":{"line":80,"column":26}}],"line":80},"13":{"loc":{"start":{"line":86,"column":9},"end":{"line":86,"column":55}},"type":"cond-expr","locations":[{"start":{"line":86,"column":28},"end":{"line":86,"column":49}},{"start":{"line":86,"column":52},"end":{"line":86,"column":55}}],"line":86},"14":{"loc":{"start":{"line":90,"column":14},"end":{"line":90,"column":83}},"type":"cond-expr","locations":[{"start":{"line":90,"column":47},"end":{"line":90,"column":63}},{"start":{"line":90,"column":66},"end":{"line":90,"column":83}}],"line":90},"15":{"loc":{"start":{"line":91,"column":9},"end":{"line":91,"column":44}},"type":"cond-expr","locations":[{"start":{"line":91,"column":28},"end":{"line":91,"column":38}},{"start":{"line":91,"column":41},"end":{"line":91,"column":44}}],"line":91},"16":{"loc":{"start":{"line":97,"column":2},"end":{"line":97,"column":37}},"type":"if","locations":[{"start":{"line":97,"column":2},"end":{"line":97,"column":37}},{"start":{"line":97,"column":2},"end":{"line":97,"column":37}}],"line":97},"17":{"loc":{"start":{"line":100,"column":2},"end":{"line":110,"column":3}},"type":"switch","locations":[{"start":{"line":101,"column":4},"end":{"line":103,"column":11}},{"start":{"line":104,"column":4},"end":{"line":106,"column":11}},{"start":{"line":107,"column":4},"end":{"line":109,"column":11}}],"line":100},"18":{"loc":{"start":{"line":102,"column":60},"end":{"line":102,"column":78}},"type":"binary-expr","locations":[{"start":{"line":102,"column":60},"end":{"line":102,"column":69}},{"start":{"line":102,"column":73},"end":{"line":102,"column":78}}],"line":102}},"s":{"0":1,"1":96,"2":96,"3":96,"4":10,"5":96,"6":96,"7":96,"8":3,"9":96,"10":96,"11":1,"12":8354,"13":1200,"14":7154,"15":7154,"16":121,"17":121,"18":121,"19":1650,"20":7154,"21":20,"22":20,"23":20,"24":20,"25":1535,"26":1017,"27":518,"28":1,"29":484,"30":484,"31":1,"32":132,"33":132,"34":1,"35":2769,"36":2592,"37":177,"38":177,"39":177,"40":142,"41":153,"42":142,"43":34,"44":45,"45":34,"46":1,"47":1,"48":1,"49":177},"f":{"0":96,"1":8354,"2":20,"3":1535,"4":484,"5":132,"6":2769,"7":153,"8":45,"9":1},"b":{"0":[1],"1":[10,86],"2":[20,76],"3":[96,83],"4":[96,23],"5":[3,93],"6":[1200,7154],"7":[121,7033],"8":[4728,2426],"9":[12,8],"10":[20,17,13,11],"11":[1,19],"12":[1017,518],"13":[12,472],"14":[8,124],"15":[74,58],"16":[2592,177],"17":[142,34,1],"18":[153,53]},"_coverageSchema":"332fd63041d2c1bcb487cc26dd0d5f7d97098a6c","hash":"91b4634db319a23fff40efcd6ebf463c73e814ee"},"/home/cmatzenbach/Projects/node-sql-parser/src/parser.all.js":{"path":"/home/cmatzenbach/Projects/node-sql-parser/src/parser.all.js","statementMap":{},"fnMap":{},"branchMap":{},"s":{},"f":{},"b":{},"_coverageSchema":"332fd63041d2c1bcb487cc26dd0d5f7d97098a6c","hash":"e71ecc4b2aab37acd267cda8c3e2985d4ddeb3b3"},"/home/cmatzenbach/Projects/node-sql-parser/src/parser.js":{"path":"/home/cmatzenbach/Projects/node-sql-parser/src/parser.js","statementMap":{"0":{"start":{"line":8,"column":20},"end":{"line":8,"column":40}},"1":{"start":{"line":9,"column":4},"end":{"line":9,"column":33}},"2":{"start":{"line":13,"column":4},"end":{"line":13,"column":21}},"3":{"start":{"line":14,"column":4},"end":{"line":14,"column":29}},"4":{"start":{"line":18,"column":4},"end":{"line":18,"column":21}},"5":{"start":{"line":19,"column":4},"end":{"line":19,"column":26}},"6":{"start":{"line":23,"column":52},"end":{"line":23,"column":55}},"7":{"start":{"line":24,"column":4},"end":{"line":24,"column":21}},"8":{"start":{"line":25,"column":21},"end":{"line":25,"column":43}},"9":{"start":{"line":26,"column":4},"end":{"line":26,"column":109}},"10":{"start":{"line":26,"column":27},"end":{"line":26,"column":109}},"11":{"start":{"line":27,"column":4},"end":{"line":27,"column":61}},"12":{"start":{"line":31,"column":4},"end":{"line":31,"column":52}},"13":{"start":{"line":31,"column":46},"end":{"line":31,"column":52}},"14":{"start":{"line":32,"column":31},"end":{"line":32,"column":34}},"15":{"start":{"line":33,"column":4},"end":{"line":33,"column":125}},"16":{"start":{"line":33,"column":75},"end":{"line":33,"column":125}},"17":{"start":{"line":34,"column":21},"end":{"line":34,"column":51}},"18":{"start":{"line":35,"column":26},"end":{"line":35,"column":44}},"19":{"start":{"line":36,"column":23},"end":{"line":36,"column":27}},"20":{"start":{"line":37,"column":19},"end":{"line":37,"column":21}},"21":{"start":{"line":38,"column":4},"end":{"line":52,"column":5}},"22":{"start":{"line":39,"column":38},"end":{"line":39,"column":43}},"23":{"start":{"line":40,"column":6},"end":{"line":46,"column":7}},"24":{"start":{"line":41,"column":22},"end":{"line":41,"column":53}},"25":{"start":{"line":42,"column":8},"end":{"line":45,"column":9}},"26":{"start":{"line":43,"column":10},"end":{"line":43,"column":42}},"27":{"start":{"line":44,"column":10},"end":{"line":44,"column":15}},"28":{"start":{"line":47,"column":6},"end":{"line":51,"column":7}},"29":{"start":{"line":48,"column":8},"end":{"line":48,"column":28}},"30":{"start":{"line":49,"column":8},"end":{"line":49,"column":28}},"31":{"start":{"line":50,"column":8},"end":{"line":50,"column":13}},"32":{"start":{"line":53,"column":4},"end":{"line":53,"column":126}},"33":{"start":{"line":53,"column":23},"end":{"line":53,"column":126}},"34":{"start":{"line":57,"column":20},"end":{"line":57,"column":40}},"35":{"start":{"line":58,"column":4},"end":{"line":58,"column":39}},"36":{"start":{"line":62,"column":20},"end":{"line":62,"column":40}},"37":{"start":{"line":63,"column":4},"end":{"line":63,"column":40}}},"fnMap":{"0":{"name":"(anonymous_0)","decl":{"start":{"line":7,"column":2},"end":{"line":7,"column":3}},"loc":{"start":{"line":7,"column":33},"end":{"line":10,"column":3}},"line":7},"1":{"name":"(anonymous_1)","decl":{"start":{"line":12,"column":2},"end":{"line":12,"column":3}},"loc":{"start":{"line":12,"column":33},"end":{"line":15,"column":3}},"line":12},"2":{"name":"(anonymous_2)","decl":{"start":{"line":17,"column":2},"end":{"line":17,"column":3}},"loc":{"start":{"line":17,"column":37},"end":{"line":20,"column":3}},"line":17},"3":{"name":"(anonymous_3)","decl":{"start":{"line":22,"column":2},"end":{"line":22,"column":3}},"loc":{"start":{"line":22,"column":32},"end":{"line":28,"column":3}},"line":22},"4":{"name":"(anonymous_4)","decl":{"start":{"line":30,"column":2},"end":{"line":30,"column":3}},"loc":{"start":{"line":30,"column":52},"end":{"line":54,"column":3}},"line":30},"5":{"name":"(anonymous_5)","decl":{"start":{"line":56,"column":2},"end":{"line":56,"column":3}},"loc":{"start":{"line":56,"column":22},"end":{"line":59,"column":3}},"line":56},"6":{"name":"(anonymous_6)","decl":{"start":{"line":61,"column":2},"end":{"line":61,"column":3}},"loc":{"start":{"line":61,"column":23},"end":{"line":64,"column":3}},"line":61}},"branchMap":{"0":{"loc":{"start":{"line":7,"column":14},"end":{"line":7,"column":31}},"type":"default-arg","locations":[{"start":{"line":7,"column":20},"end":{"line":7,"column":31}}],"line":7},"1":{"loc":{"start":{"line":9,"column":11},"end":{"line":9,"column":33}},"type":"binary-expr","locations":[{"start":{"line":9,"column":11},"end":{"line":9,"column":18}},{"start":{"line":9,"column":22},"end":{"line":9,"column":33}}],"line":9},"2":{"loc":{"start":{"line":12,"column":14},"end":{"line":12,"column":31}},"type":"default-arg","locations":[{"start":{"line":12,"column":20},"end":{"line":12,"column":31}}],"line":12},"3":{"loc":{"start":{"line":17,"column":18},"end":{"line":17,"column":35}},"type":"default-arg","locations":[{"start":{"line":17,"column":24},"end":{"line":17,"column":35}}],"line":17},"4":{"loc":{"start":{"line":22,"column":13},"end":{"line":22,"column":30}},"type":"default-arg","locations":[{"start":{"line":22,"column":19},"end":{"line":22,"column":30}}],"line":22},"5":{"loc":{"start":{"line":23,"column":12},"end":{"line":23,"column":47}},"type":"default-arg","locations":[{"start":{"line":23,"column":24},"end":{"line":23,"column":46}}],"line":23},"6":{"loc":{"start":{"line":23,"column":24},"end":{"line":23,"column":46}},"type":"binary-expr","locations":[{"start":{"line":23,"column":24},"end":{"line":23,"column":35}},{"start":{"line":23,"column":39},"end":{"line":23,"column":46}}],"line":23},"7":{"loc":{"start":{"line":26,"column":4},"end":{"line":26,"column":109}},"type":"if","locations":[{"start":{"line":26,"column":4},"end":{"line":26,"column":109}},{"start":{"line":26,"column":4},"end":{"line":26,"column":109}}],"line":26},"8":{"loc":{"start":{"line":26,"column":64},"end":{"line":26,"column":108}},"type":"binary-expr","locations":[{"start":{"line":26,"column":64},"end":{"line":26,"column":80}},{"start":{"line":26,"column":84},"end":{"line":26,"column":108}}],"line":26},"9":{"loc":{"start":{"line":30,"column":33},"end":{"line":30,"column":50}},"type":"default-arg","locations":[{"start":{"line":30,"column":39},"end":{"line":30,"column":50}}],"line":30},"10":{"loc":{"start":{"line":31,"column":4},"end":{"line":31,"column":52}},"type":"if","locations":[{"start":{"line":31,"column":4},"end":{"line":31,"column":52}},{"start":{"line":31,"column":4},"end":{"line":31,"column":52}}],"line":31},"11":{"loc":{"start":{"line":31,"column":8},"end":{"line":31,"column":44}},"type":"binary-expr","locations":[{"start":{"line":31,"column":8},"end":{"line":31,"column":18}},{"start":{"line":31,"column":22},"end":{"line":31,"column":44}}],"line":31},"12":{"loc":{"start":{"line":32,"column":12},"end":{"line":32,"column":26}},"type":"default-arg","locations":[{"start":{"line":32,"column":19},"end":{"line":32,"column":26}}],"line":32},"13":{"loc":{"start":{"line":33,"column":4},"end":{"line":33,"column":125}},"type":"if","locations":[{"start":{"line":33,"column":4},"end":{"line":33,"column":125}},{"start":{"line":33,"column":4},"end":{"line":33,"column":125}}],"line":33},"14":{"loc":{"start":{"line":33,"column":8},"end":{"line":33,"column":73}},"type":"binary-expr","locations":[{"start":{"line":33,"column":8},"end":{"line":33,"column":28}},{"start":{"line":33,"column":32},"end":{"line":33,"column":73}}],"line":33},"15":{"loc":{"start":{"line":42,"column":8},"end":{"line":45,"column":9}},"type":"if","locations":[{"start":{"line":42,"column":8},"end":{"line":45,"column":9}},{"start":{"line":42,"column":8},"end":{"line":45,"column":9}}],"line":42},"16":{"loc":{"start":{"line":47,"column":6},"end":{"line":51,"column":7}},"type":"if","locations":[{"start":{"line":47,"column":6},"end":{"line":51,"column":7}},{"start":{"line":47,"column":6},"end":{"line":51,"column":7}}],"line":47},"17":{"loc":{"start":{"line":53,"column":4},"end":{"line":53,"column":126}},"type":"if","locations":[{"start":{"line":53,"column":4},"end":{"line":53,"column":126}},{"start":{"line":53,"column":4},"end":{"line":53,"column":126}}],"line":53},"18":{"loc":{"start":{"line":58,"column":11},"end":{"line":58,"column":39}},"type":"binary-expr","locations":[{"start":{"line":58,"column":11},"end":{"line":58,"column":18}},{"start":{"line":58,"column":22},"end":{"line":58,"column":39}}],"line":58},"19":{"loc":{"start":{"line":63,"column":11},"end":{"line":63,"column":40}},"type":"binary-expr","locations":[{"start":{"line":63,"column":11},"end":{"line":63,"column":18}},{"start":{"line":63,"column":22},"end":{"line":63,"column":40}}],"line":63}},"s":{"0":1493,"1":1482,"2":1426,"3":1426,"4":1,"5":1,"6":1530,"7":1530,"8":1530,"9":1530,"10":1529,"11":1,"12":17,"13":2,"14":15,"15":15,"16":1,"17":14,"18":14,"19":14,"20":14,"21":14,"22":22,"23":22,"24":22,"25":22,"26":18,"27":18,"28":22,"29":4,"30":4,"31":4,"32":14,"33":4,"34":7,"35":7,"36":7,"37":7},"f":{"0":1493,"1":1426,"2":1,"3":1530,"4":17,"5":7,"6":7},"b":{"0":[674],"1":[1482,1482],"2":[622],"3":[1],"4":[16],"5":[8],"6":[8,8],"7":[1529,1],"8":[1529,833],"9":[8],"10":[2,15],"11":[17,16],"12":[1],"13":[1,14],"14":[15,14],"15":[18,4],"16":[4,18],"17":[4,10],"18":[7,7],"19":[7,7]},"_coverageSchema":"332fd63041d2c1bcb487cc26dd0d5f7d97098a6c","hash":"68d8561d50ab27210c93398792da01e3fd68a496"}}