TN:
SF:src/aggregation.js
FN:5,aggrToSQL
FNF:1
FNH:1
FNDA:134,aggrToSQL
DA:7,134
DA:8,134
DA:9,134
DA:10,134
DA:11,134
DA:12,134
DA:13,134
DA:14,134
DA:15,134
DA:16,134
DA:17,134
LF:11
LH:11
BRDA:12,0,0,20
BRDA:12,0,1,114
BRDA:13,1,0,5
BRDA:13,1,1,129
BRDA:14,2,0,5
BRDA:14,2,1,129
BRDA:15,3,0,3
BRDA:15,3,1,131
BRDA:16,4,0,2
BRDA:16,4,1,132
BRF:10
BRH:10
end_of_record
TN:
SF:src/alter.js
FN:9,alterExprToSQL
FN:54,(anonymous_1)
FN:70,alterTableToSQL
FN:79,alterViewToSQL
FN:90,alterArgsToSQL
FN:95,alterSchemaToSQL
FN:101,alterDomainTypeToSQL
FN:112,alterFunctionToSQL
FN:126,alterAggregateToSQL
FN:141,alterToSQL
FNF:10
FNH:10
FNDA:193,alterExprToSQL
FNDA:6,(anonymous_1)
FNDA:116,alterTableToSQL
FNDA:2,alterViewToSQL
FNDA:22,alterArgsToSQL
FNDA:1,alterSchemaToSQL
FNDA:2,alterDomainTypeToSQL
FNDA:2,alterFunctionToSQL
FNDA:2,alterAggregateToSQL
FNDA:125,alterToSQL
DA:10,193
DA:20,145
DA:21,145
DA:22,145
DA:23,145
DA:25,52
DA:26,52
DA:28,56
DA:29,56
DA:30,56
DA:33,3
DA:34,3
DA:39,6
DA:40,6
DA:44,8
DA:45,8
DA:47,13
DA:48,13
DA:49,13
DA:51,4
DA:52,4
DA:54,6
DA:55,3
DA:57,145
DA:67,145
DA:71,116
DA:72,116
DA:73,116
DA:74,116
DA:75,116
DA:76,116
DA:80,2
DA:81,2
DA:82,2
DA:83,2
DA:84,2
DA:85,2
DA:86,2
DA:87,2
DA:88,2
DA:91,22
DA:92,22
DA:96,1
DA:97,1
DA:98,1
DA:102,2
DA:103,2
DA:109,2
DA:113,2
DA:114,2
DA:123,2
DA:127,2
DA:128,2
DA:129,2
DA:138,2
DA:142,125
DA:143,125
DA:145,2
DA:147,116
DA:149,1
DA:152,2
DA:154,2
DA:156,2
LF:63
LH:63
BRDA:10,0,0,48
BRDA:10,0,1,145
BRDA:23,1,0,52
BRDA:23,1,1,56
BRDA:23,1,2,2
BRDA:23,1,3,3
BRDA:23,1,4,2
BRDA:23,1,5,4
BRDA:23,1,6,5
BRDA:23,1,7,6
BRDA:23,1,8,5
BRDA:23,1,9,8
BRDA:23,1,10,8
BRDA:23,1,11,13
BRDA:23,1,12,4
BRDA:23,1,13,3
BRDA:61,2,0,145
BRDA:61,2,1,3
BRDA:63,3,0,145
BRDA:63,3,1,79
BRDA:65,4,0,145
BRDA:65,4,1,1
BRDA:71,5,0,1
BRDA:84,6,0,1
BRDA:84,6,1,1
BRDA:85,7,0,1
BRDA:85,7,1,1
BRDA:87,8,0,1
BRDA:87,8,1,1
BRDA:91,9,0,22
BRDA:91,9,1,2
BRDA:119,10,0,2
BRDA:119,10,1,2
BRDA:119,11,0,1
BRDA:119,11,1,1
BRDA:134,12,0,1
BRDA:134,12,1,1
BRDA:142,13,0,108
BRDA:143,14,0,2
BRDA:143,14,1,116
BRDA:143,14,2,1
BRDA:143,14,3,1
BRDA:143,14,4,2
BRDA:143,14,5,2
BRDA:143,14,6,2
BRF:45
BRH:45
end_of_record
TN:
SF:src/analyze.js
FN:5,analyzeToSQL
FN:12,attachToSQL
FNF:2
FNH:2
FNDA:1,analyzeToSQL
FNDA:1,attachToSQL
DA:6,1
DA:7,1
DA:8,1
DA:9,1
DA:13,1
DA:14,1
LF:6
LH:6
BRF:0
BRH:0
end_of_record
TN:
SF:src/array-struct.js
FN:5,arrayExprListToSQL
FN:13,(anonymous_1)
FN:18,arrayStructValueToSQL
FN:33,arrayStructExprToSQL
FNF:4
FNH:4
FNDA:30,arrayExprListToSQL
FNDA:7,(anonymous_1)
FNDA:37,arrayStructValueToSQL
FNDA:34,arrayStructExprToSQL
DA:11,30
DA:12,30
DA:13,19
DA:14,19
DA:15,10
DA:22,37
DA:23,37
DA:25,6
DA:27,30
DA:29,1
DA:34,34
DA:35,34
DA:36,34
DA:37,5
DA:38,5
DA:40,34
DA:41,34
LF:17
LH:17
BRDA:12,0,0,11
BRDA:12,0,1,19
BRDA:13,1,0,4
BRDA:13,1,1,15
BRDA:14,2,0,9
BRDA:14,2,1,10
BRDA:15,3,0,9
BRDA:15,3,1,1
BRDA:23,4,0,6
BRDA:23,4,1,30
BRDA:23,4,2,1
BRDA:36,5,0,5
BRDA:36,5,1,29
BRDA:36,6,0,34
BRDA:36,6,1,14
BRF:15
BRH:15
end_of_record
TN:
SF:src/assign.js
FN:3,assignToSQL
FNF:1
FNH:1
FNDA:31,assignToSQL
DA:5,31
DA:6,31
DA:7,31
DA:8,31
DA:9,31
LF:5
LH:5
BRF:0
BRH:0
end_of_record
TN:
SF:src/binary.js
FN:4,binaryToSQL
FNF:1
FNH:1
FNDA:866,binaryToSQL
DA:5,866
DA:6,866
DA:7,866
DA:8,866
DA:9,53
DA:11,6
DA:12,6
DA:14,4
DA:15,4
DA:18,8
DA:19,8
DA:20,8
DA:22,35
DA:24,53
DA:26,866
DA:27,866
DA:28,866
LF:17
LH:17
BRDA:5,0,0,866
BRDA:5,0,1,2
BRDA:8,1,0,53
BRDA:8,1,1,813
BRDA:9,2,0,6
BRDA:9,2,1,4
BRDA:9,2,2,5
BRDA:9,2,3,8
BRDA:9,2,4,35
BRDA:24,3,0,45
BRDA:24,3,1,8
BRDA:26,4,0,866
BRDA:26,4,1,861
BRDA:28,5,0,71
BRDA:28,5,1,795
BRF:15
BRH:15
end_of_record
TN:
SF:src/case.js
FN:3,caseToSQL
FNF:1
FNH:1
FNDA:16,caseToSQL
DA:4,16
DA:5,16
DA:6,16
DA:7,16
DA:8,35
DA:9,35
DA:10,25
DA:11,25
DA:13,35
DA:15,16
DA:16,16
LF:11
LH:11
BRDA:6,0,0,1
BRDA:6,0,1,15
BRDA:9,1,0,25
BRDA:9,1,1,10
BRDA:16,2,0,1
BRDA:16,2,1,15
BRF:6
BRH:6
end_of_record
TN:
SF:src/column.js
FN:18,columnOffsetToSQL
FN:21,(anonymous_1)
FN:25,columnRefToSQL
FN:31,(anonymous_3)
FN:41,(anonymous_4)
FN:50,columnDataType
FN:53,(anonymous_6)
FN:59,columnReferenceDefinitionToSQL
FN:71,(anonymous_8)
FN:73,(anonymous_9)
FN:77,columnOption
FN:105,columnOrderToSQL
FN:119,generatedExpressionToSQL
FN:125,columnDefinitionToSQL
FN:138,asToSQL
FN:143,fullTextSearchToSQL
FN:145,(anonymous_16)
FN:150,columnToSQL
FN:158,(anonymous_18)
FN:167,getDual
FN:178,columnsToSQL
FN:181,(anonymous_21)
FNF:22
FNH:22
FNDA:2625,columnOffsetToSQL
FNDA:10,(anonymous_1)
FNDA:2875,columnRefToSQL
FNDA:517,(anonymous_3)
FNDA:15,(anonymous_4)
FNDA:461,columnDataType
FNDA:428,(anonymous_6)
FNDA:501,columnReferenceDefinitionToSQL
FNDA:5,(anonymous_8)
FNDA:14,(anonymous_9)
FNDA:452,columnOption
FNDA:33,columnOrderToSQL
FNDA:452,generatedExpressionToSQL
FNDA:452,columnDefinitionToSQL
FNDA:1618,asToSQL
FNDA:84,fullTextSearchToSQL
FNDA:86,(anonymous_16)
FNDA:1540,columnToSQL
FNDA:4,(anonymous_18)
FNDA:1074,getDual
FNDA:1111,columnsToSQL
FNDA:1522,(anonymous_21)
DA:19,2625
DA:20,458
DA:21,458
DA:22,458
DA:23,458
DA:29,2875
DA:30,2875
DA:31,2875
DA:32,2875
DA:33,2875
DA:34,26
DA:35,26
DA:37,2875
DA:38,2875
DA:41,15
DA:43,2875
DA:44,2875
DA:45,2875
DA:46,2875
DA:47,2875
DA:51,461
DA:52,461
DA:53,461
DA:54,461
DA:55,461
DA:56,461
DA:60,501
DA:61,501
DA:68,9
DA:69,9
DA:70,9
DA:71,9
DA:72,9
DA:73,14
DA:74,9
DA:78,452
DA:87,452
DA:89,452
DA:90,452
DA:91,90
DA:92,90
DA:94,452
DA:95,452
DA:96,452
DA:97,452
DA:98,452
DA:99,452
DA:100,452
DA:101,452
DA:102,452
DA:106,33
DA:107,33
DA:108,33
DA:109,33
DA:116,33
DA:120,452
DA:121,6
DA:122,6
DA:126,452
DA:127,452
DA:128,452
DA:129,452
DA:130,452
DA:131,452
DA:132,452
DA:133,452
DA:134,452
DA:135,452
DA:139,1618
DA:140,311
DA:144,84
DA:145,86
DA:146,84
DA:147,84
DA:151,1540
DA:152,1540
DA:153,1538
DA:154,1538
DA:155,1538
DA:156,1538
DA:157,4
DA:158,4
DA:159,4
DA:160,4
DA:162,1534
DA:163,1534
DA:164,1534
DA:168,1074
DA:169,1074
DA:170,1064
DA:179,1111
DA:180,1074
DA:181,1522
LF:93
LH:93
BRDA:19,0,0,2167
BRDA:19,0,1,458
BRDA:21,1,0,458
BRDA:21,1,1,9
BRDA:21,2,0,7
BRDA:21,2,1,3
BRDA:21,3,0,7
BRDA:21,3,1,3
BRDA:27,4,0,2861
BRDA:28,5,0,2856
BRDA:30,6,0,250
BRDA:30,6,1,2625
BRDA:31,7,0,515
BRDA:31,7,1,2
BRDA:32,8,0,501
BRDA:32,8,1,2374
BRDA:33,9,0,26
BRDA:33,9,1,2849
BRDA:35,10,0,2
BRDA:35,10,1,24
BRDA:43,11,0,1
BRDA:43,11,1,2874
BRDA:47,12,0,4
BRDA:47,12,1,2871
BRDA:51,13,0,461
BRDA:51,13,1,19
BRDA:53,14,0,214
BRDA:53,14,1,247
BRDA:54,15,0,12
BRDA:54,15,1,449
BRDA:54,16,0,461
BRDA:54,16,1,177
BRDA:55,17,0,8
BRDA:55,17,1,453
BRDA:61,18,0,492
BRDA:61,18,1,9
BRDA:71,19,0,9
BRDA:71,19,1,5
BRDA:89,20,0,452
BRDA:89,20,1,153
BRDA:90,21,0,90
BRDA:90,21,1,362
BRDA:98,22,0,433
BRDA:98,22,1,19
BRDA:107,23,0,19
BRDA:107,23,1,14
BRDA:111,24,0,33
BRDA:111,24,1,1
BRDA:111,25,0,33
BRDA:111,25,1,1
BRDA:120,26,0,446
BRDA:120,26,1,6
BRDA:139,27,0,1307
BRDA:139,27,1,311
BRDA:140,28,0,301
BRDA:140,28,1,10
BRDA:146,29,0,84
BRDA:146,29,1,64
BRDA:152,30,0,2
BRDA:152,30,1,1538
BRDA:153,31,0,13
BRDA:153,31,1,1525
BRDA:156,32,0,4
BRDA:156,32,1,1534
BRDA:159,33,0,4
BRDA:159,33,1,4
BRDA:159,34,0,4
BRDA:159,34,1,4
BRDA:162,35,0,2
BRDA:162,35,1,1532
BRDA:162,36,0,1534
BRDA:162,36,1,31
BRDA:163,37,0,2
BRDA:163,37,1,1532
BRDA:163,38,0,1534
BRDA:163,38,1,5
BRDA:168,39,0,1074
BRDA:168,39,1,794
BRDA:169,40,0,10
BRDA:169,40,1,1064
BRDA:169,41,0,1074
BRDA:169,41,1,794
BRDA:179,42,0,37
BRDA:179,42,1,1074
BRDA:179,43,0,1111
BRDA:179,43,1,1074
BRF:86
BRH:86
end_of_record
TN:
SF:src/command.js
FN:9,callToSQL
FN:15,commonCmdToSQL
FN:42,descToSQL
FN:48,executeToSQL
FN:57,forLoopToSQL
FN:63,raiseToSQL
FN:66,(anonymous_6)
FN:67,(anonymous_7)
FN:71,renameToSQL
FN:84,useToSQL
FN:91,setVarToSQL
FN:98,pgLock
FN:109,lockUnlockToSQL
FN:119,(anonymous_13)
FN:127,deallocateToSQL
FN:132,declareToSQL
FN:135,(anonymous_16)
FN:158,ifToSQL
FN:174,(anonymous_18)
FN:183,grantUserOrRoleToSQL
FN:190,grantAndRevokeToSQL
FN:193,(anonymous_21)
FN:206,(anonymous_22)
FNF:23
FNH:23
FNDA:10,callToSQL
FNDA:37,commonCmdToSQL
FNDA:2,descToSQL
FNDA:3,executeToSQL
FNDA:1,forLoopToSQL
FNDA:8,raiseToSQL
FNDA:7,(anonymous_6)
FNDA:1,(anonymous_7)
FNDA:4,renameToSQL
FNDA:7,useToSQL
FNDA:27,setVarToSQL
FNDA:8,pgLock
FNDA:9,lockUnlockToSQL
FNDA:18,(anonymous_13)
FNDA:2,deallocateToSQL
FNDA:10,declareToSQL
FNDA:12,(anonymous_16)
FNDA:4,ifToSQL
FNDA:1,(anonymous_18)
FNDA:36,grantUserOrRoleToSQL
FNDA:18,grantAndRevokeToSQL
FNDA:24,(anonymous_21)
FNDA:15,(anonymous_22)
DA:10,10
DA:11,10
DA:12,10
DA:16,37
DA:17,37
DA:18,37
DA:20,16
DA:21,16
DA:23,4
DA:24,4
DA:28,6
DA:29,6
DA:31,3
DA:32,3
DA:34,7
DA:35,7
DA:37,1
DA:39,37
DA:43,2
DA:44,2
DA:45,2
DA:49,3
DA:50,3
DA:51,3
DA:52,3
DA:53,3
DA:54,3
DA:58,1
DA:59,1
DA:60,1
DA:64,8
DA:65,8
DA:66,8
DA:67,8
DA:68,8
DA:72,4
DA:73,4
DA:74,4
DA:75,4
DA:76,3
DA:77,5
DA:78,5
DA:81,4
DA:85,7
DA:86,7
DA:87,7
DA:88,7
DA:92,27
DA:93,27
DA:94,27
DA:95,27
DA:99,8
DA:100,8
DA:101,8
DA:102,2
DA:103,2
DA:105,8
DA:106,8
DA:110,9
DA:111,9
DA:112,9
DA:113,8
DA:114,8
DA:115,12
DA:116,12
DA:117,12
DA:118,6
DA:119,18
DA:121,12
DA:123,8
DA:124,8
DA:128,2
DA:129,2
DA:133,10
DA:134,10
DA:135,10
DA:136,12
DA:137,12
DA:138,12
DA:140,9
DA:141,9
DA:142,9
DA:144,1
DA:145,1
DA:147,1
DA:148,1
DA:150,1
DA:152,12
DA:154,10
DA:155,10
DA:169,4
DA:170,4
DA:171,4
DA:172,1
DA:174,1
DA:178,4
DA:179,4
DA:180,4
DA:184,36
DA:185,36
DA:186,36
DA:187,36
DA:191,18
DA:192,18
DA:193,18
DA:194,24
DA:195,24
DA:196,24
DA:197,24
DA:199,18
DA:200,18
DA:201,16
DA:202,16
DA:204,14
DA:206,15
DA:208,14
DA:210,2
DA:211,2
DA:214,18
DA:215,18
DA:216,18
LF:121
LH:121
BRDA:18,0,0,16
BRDA:18,0,1,4
BRDA:18,0,2,2
BRDA:18,0,3,4
BRDA:18,0,4,6
BRDA:18,0,5,3
BRDA:18,0,6,7
BRDA:18,0,7,1
BRDA:23,1,0,2
BRDA:23,1,1,2
BRDA:31,2,0,3
BRDA:31,2,1,2
BRDA:34,3,0,6
BRDA:34,3,1,1
BRDA:34,4,0,7
BRDA:34,4,1,5
BRDA:52,5,0,2
BRDA:52,5,1,1
BRDA:66,6,0,7
BRDA:66,6,1,1
BRDA:66,7,0,7
BRDA:66,7,1,5
BRDA:66,7,2,3
BRDA:67,8,0,1
BRDA:67,8,1,7
BRDA:74,9,0,4
BRDA:74,9,1,4
BRDA:75,10,0,3
BRDA:75,10,1,1
BRDA:101,11,0,2
BRDA:101,11,1,6
BRDA:105,12,0,1
BRDA:105,12,1,7
BRDA:112,13,0,1
BRDA:112,13,1,8
BRDA:117,14,0,6
BRDA:117,14,1,6
BRDA:138,15,0,9
BRDA:138,15,1,1
BRDA:138,15,2,1
BRDA:138,15,3,1
BRDA:141,16,0,1
BRDA:141,16,1,8
BRDA:170,17,0,4
BRDA:170,17,1,2
BRDA:171,18,0,1
BRDA:171,18,1,3
BRDA:174,19,0,1
BRDA:174,19,1,1
BRDA:178,20,0,2
BRDA:178,20,1,2
BRDA:178,21,0,2
BRDA:178,21,1,1
BRDA:186,22,0,22
BRDA:186,22,1,14
BRDA:196,23,0,4
BRDA:196,23,1,20
BRDA:200,24,0,16
BRDA:200,24,1,2
BRDA:202,25,0,14
BRDA:202,25,1,2
BRF:61
BRH:61
end_of_record
TN:
SF:src/constrain.js
FN:10,constraintDefinitionToSQL
FNF:1
FNH:1
FNDA:494,constraintDefinitionToSQL
DA:11,494
DA:19,49
DA:20,49
DA:21,49
DA:22,49
DA:23,49
DA:24,49
DA:25,49
DA:26,49
DA:27,49
DA:28,49
DA:29,49
DA:30,49
DA:31,49
LF:14
LH:14
BRDA:11,0,0,445
BRDA:11,0,1,49
BRDA:25,1,0,1
BRDA:25,1,1,48
BRDA:25,2,0,49
BRDA:25,2,1,4
BRDA:27,3,0,49
BRDA:27,3,1,45
BRF:8
BRH:8
end_of_record
TN:
SF:src/create.js
FN:26,createDefinitionToSQL
FN:43,createTableToSQL
FN:71,createTriggerToSQL
FN:83,(anonymous_3)
FN:106,createConstraintTriggerToSQL
FN:128,createExtensionToSQL
FN:146,createIndexToSQL
FN:153,(anonymous_7)
FN:169,createSequenceToSQL
FN:186,createDatabaseToSQL
FN:202,createViewToSQL
FN:222,(anonymous_11)
FN:230,createDomainToSQL
FN:263,createTypeToSQL
FN:284,createFunctionReturnsOptToSQL
FN:289,createFunctionReturnsToSQL
FN:298,createFunctionOptionToSQL
FN:309,createFunctionToSQL
FN:318,aggregateOptionToSQL
FN:335,createAggregateToSQL
FN:343,createUserToSQL
FN:348,(anonymous_21)
FN:362,(anonymous_22)
FN:363,(anonymous_23)
FN:367,createToSQL
FNF:25
FNH:25
FNDA:498,createDefinitionToSQL
FNDA:132,createTableToSQL
FNDA:5,createTriggerToSQL
FNDA:5,(anonymous_3)
FNDA:5,createConstraintTriggerToSQL
FNDA:4,createExtensionToSQL
FNDA:24,createIndexToSQL
FNDA:8,(anonymous_7)
FNDA:6,createSequenceToSQL
FNDA:4,createDatabaseToSQL
FNDA:7,createViewToSQL
FNDA:2,(anonymous_11)
FNDA:3,createDomainToSQL
FNDA:3,createTypeToSQL
FNDA:6,createFunctionReturnsOptToSQL
FNDA:7,createFunctionReturnsToSQL
FNDA:17,createFunctionOptionToSQL
FNDA:7,createFunctionToSQL
FNDA:7,aggregateOptionToSQL
FNDA:2,createAggregateToSQL
FNDA:6,createUserToSQL
FNDA:6,(anonymous_21)
FNDA:2,(anonymous_22)
FNDA:6,(anonymous_23)
FNDA:209,createToSQL
DA:27,498
DA:28,490
DA:29,490
DA:31,392
DA:33,34
DA:35,40
DA:37,23
DA:39,1
DA:52,132
DA:53,132
DA:54,132
DA:55,1
DA:56,1
DA:57,1
DA:58,1
DA:60,131
DA:61,126
DA:63,130
DA:64,42
DA:66,130
DA:67,130
DA:68,130
DA:78,5
DA:79,5
DA:84,5
DA:85,5
DA:86,5
DA:87,5
DA:94,5
DA:96,4
DA:97,4
DA:99,1
DA:100,1
DA:102,5
DA:103,5
DA:117,5
DA:118,5
DA:119,5
DA:120,5
DA:121,5
DA:122,5
DA:123,5
DA:124,5
DA:125,5
DA:132,4
DA:133,4
DA:143,4
DA:151,24
DA:152,24
DA:153,24
DA:154,24
DA:160,24
DA:161,10
DA:163,14
DA:165,24
DA:166,24
DA:174,6
DA:175,6
DA:182,6
DA:183,6
DA:191,4
DA:192,4
DA:198,4
DA:199,4
DA:207,7
DA:208,7
DA:209,7
DA:210,7
DA:222,2
DA:227,7
DA:234,3
DA:235,3
DA:242,3
DA:243,2
DA:244,2
DA:245,4
DA:246,4
DA:248,1
DA:249,1
DA:251,1
DA:252,1
DA:254,2
DA:255,2
DA:258,2
DA:260,3
DA:264,3
DA:265,3
DA:272,3
DA:273,2
DA:274,2
DA:276,2
DA:277,2
DA:279,2
DA:281,3
DA:285,6
DA:286,1
DA:290,7
DA:291,7
DA:296,7
DA:299,17
DA:300,17
DA:302,7
DA:304,1
DA:306,9
DA:310,7
DA:311,7
DA:312,7
DA:313,7
DA:314,7
DA:315,7
DA:319,7
DA:320,7
DA:321,7
DA:323,2
DA:324,2
DA:327,2
DA:328,2
DA:330,3
DA:331,3
DA:333,7
DA:336,2
DA:337,2
DA:338,2
DA:339,2
DA:340,2
DA:341,2
DA:347,6
DA:348,6
DA:349,6
DA:350,6
DA:351,6
DA:352,6
DA:354,6
DA:360,6
DA:361,6
DA:362,6
DA:363,6
DA:364,6
DA:365,6
DA:368,209
DA:369,209
DA:370,209
DA:372,2
DA:373,2
DA:375,132
DA:376,131
DA:378,10
DA:379,10
DA:381,4
DA:382,4
DA:384,7
DA:385,7
DA:387,24
DA:388,24
DA:390,6
DA:391,6
DA:393,4
DA:394,4
DA:396,7
DA:397,7
DA:399,3
DA:400,3
DA:402,3
DA:403,3
DA:405,6
DA:406,6
DA:408,1
DA:410,207
LF:168
LH:168
BRDA:27,0,0,8
BRDA:27,0,1,490
BRDA:29,1,0,392
BRDA:29,1,1,34
BRDA:29,1,2,40
BRDA:29,1,3,23
BRDA:29,1,4,1
BRDA:54,2,0,1
BRDA:54,2,1,131
BRDA:60,3,0,126
BRDA:60,3,1,5
BRDA:63,4,0,42
BRDA:63,4,1,88
BRDA:67,5,0,6
BRDA:67,5,1,124
BRDA:86,6,0,1
BRDA:86,6,1,4
BRDA:89,7,0,5
BRDA:89,7,1,4
BRDA:89,8,0,5
BRDA:89,8,1,4
BRDA:90,9,0,5
BRDA:90,9,1,2
BRDA:94,10,0,4
BRDA:94,10,1,1
BRDA:121,11,0,1
BRDA:121,11,1,4
BRDA:123,12,0,3
BRDA:123,12,1,2
BRDA:152,13,0,24
BRDA:152,13,1,5
BRDA:153,14,0,24
BRDA:153,14,1,4
BRDA:160,15,0,10
BRDA:160,15,1,14
BRDA:182,16,0,5
BRDA:182,16,1,1
BRDA:198,17,0,2
BRDA:198,17,1,2
BRDA:215,18,0,7
BRDA:215,18,1,2
BRDA:217,19,0,7
BRDA:217,19,1,2
BRDA:221,20,0,7
BRDA:221,20,1,2
BRDA:222,21,0,7
BRDA:222,21,1,1
BRDA:242,22,0,2
BRDA:242,22,1,1
BRDA:242,23,0,3
BRDA:242,23,1,3
BRDA:246,24,0,1
BRDA:246,24,1,1
BRDA:246,24,2,2
BRDA:272,25,0,2
BRDA:272,25,1,1
BRDA:274,26,0,2
BRDA:285,27,0,5
BRDA:285,27,1,1
BRDA:294,28,0,1
BRDA:294,28,1,6
BRDA:300,29,0,7
BRDA:300,29,1,1
BRDA:300,29,2,9
BRDA:304,30,0,1
BRDA:304,30,1,1
BRDA:304,31,0,1
BRDA:304,31,1,1
BRDA:321,32,0,2
BRDA:321,32,1,2
BRDA:321,32,2,2
BRDA:321,32,3,3
BRDA:339,33,0,1
BRDA:339,33,1,1
BRDA:351,34,0,4
BRDA:351,34,1,2
BRDA:360,35,0,4
BRDA:360,35,1,2
BRDA:361,36,0,6
BRDA:361,36,1,2
BRDA:361,37,0,6
BRDA:361,37,1,2
BRDA:362,38,0,2
BRDA:362,38,1,4
BRDA:363,39,0,2
BRDA:363,39,1,4
BRDA:370,40,0,2
BRDA:370,40,1,132
BRDA:370,40,2,10
BRDA:370,40,3,4
BRDA:370,40,4,7
BRDA:370,40,5,24
BRDA:370,40,6,6
BRDA:370,40,7,4
BRDA:370,40,8,7
BRDA:370,40,9,3
BRDA:370,40,10,3
BRDA:370,40,11,6
BRDA:370,40,12,1
BRDA:378,41,0,5
BRDA:378,41,1,5
BRF:101
BRH:101
end_of_record
TN:
SF:src/delete.js
FN:8,deleteToSQL
FNF:1
FNH:1
FNDA:36,deleteToSQL
DA:9,36
DA:10,36
DA:11,36
DA:12,36
DA:13,36
DA:14,35
DA:16,36
DA:17,36
DA:18,36
DA:19,36
DA:20,36
LF:11
LH:11
BRDA:13,0,0,35
BRDA:13,0,1,1
BRDA:14,1,0,27
BRDA:14,1,1,8
BRDA:14,2,0,35
BRDA:14,2,1,34
BRF:6
BRH:6
end_of_record
TN:
SF:src/exec.js
FN:5,execVariablesToSQL
FN:11,execToSQL
FNF:2
FNH:2
FNDA:1,execVariablesToSQL
FNDA:2,execToSQL
DA:6,1
DA:7,1
DA:8,1
DA:12,2
DA:13,2
DA:18,2
LF:6
LH:6
BRDA:16,0,0,2
BRDA:16,0,1,1
BRF:2
BRH:2
end_of_record
TN:
SF:src/expr.js
FN:46,varToSQL
FN:59,exprToSQL
FN:72,unaryToSQL
FN:79,getExprListSQL
FN:84,(anonymous_4)
FN:89,(anonymous_5)
FN:96,orderOrPartitionByToSQL
FN:102,(anonymous_7)
FN:105,(anonymous_8)
FN:108,(anonymous_9)
FNF:10
FNH:10
FNDA:96,varToSQL
FNDA:8354,exprToSQL
FNDA:20,unaryToSQL
FNDA:1535,getExprListSQL
FNDA:484,(anonymous_4)
FNDA:132,(anonymous_5)
FNDA:2769,orderOrPartitionByToSQL
FNDA:153,(anonymous_7)
FNDA:45,(anonymous_8)
FNDA:1,(anonymous_9)
DA:18,1
DA:47,96
DA:48,96
DA:49,96
DA:50,96
DA:51,96
DA:52,96
DA:53,96
DA:54,96
DA:57,1
DA:60,8354
DA:61,7154
DA:62,7154
DA:63,121
DA:64,121
DA:65,121
DA:66,1650
DA:69,7154
DA:73,20
DA:74,20
DA:75,20
DA:76,20
DA:80,1535
DA:81,518
DA:84,1
DA:85,484
DA:86,484
DA:89,1
DA:90,132
DA:91,132
DA:94,1
DA:97,2769
DA:98,177
DA:99,177
DA:100,177
DA:102,153
DA:103,142
DA:105,45
DA:106,34
DA:108,1
DA:109,1
DA:111,177
LF:42
LH:42
BRDA:47,0,0,1
BRDA:49,1,0,10
BRDA:49,1,1,86
BRDA:50,2,0,20
BRDA:50,2,1,76
BRDA:50,3,0,96
BRDA:50,3,1,83
BRDA:51,4,0,96
BRDA:51,4,1,23
BRDA:52,5,0,3
BRDA:52,5,1,93
BRDA:60,6,0,1200
BRDA:60,6,1,7154
BRDA:62,7,0,121
BRDA:62,7,1,7033
BRDA:69,8,0,4728
BRDA:69,8,1,2426
BRDA:74,9,0,12
BRDA:74,9,1,8
BRDA:74,10,0,20
BRDA:74,10,1,17
BRDA:74,10,2,13
BRDA:74,10,3,11
BRDA:76,11,0,1
BRDA:76,11,1,19
BRDA:80,12,0,1017
BRDA:80,12,1,518
BRDA:86,13,0,12
BRDA:86,13,1,472
BRDA:90,14,0,8
BRDA:90,14,1,124
BRDA:91,15,0,74
BRDA:91,15,1,58
BRDA:97,16,0,2592
BRDA:97,16,1,177
BRDA:100,17,0,142
BRDA:100,17,1,34
BRDA:100,17,2,1
BRDA:102,18,0,153
BRDA:102,18,1,53
BRF:40
BRH:40
end_of_record
TN:
SF:src/func.js
FN:5,anyValueFuncToSQL
FN:15,arrayDimensionToSymbol
FN:25,castToSQL
FN:40,(anonymous_3)
FN:48,extractFunToSQL
FN:55,flattenArgToSQL
FN:62,flattenFunToSQL
FN:65,(anonymous_7)
FN:69,funcToSQL
FN:86,tablefuncFunToSQL
FNF:10
FNH:10
FNDA:2,anyValueFuncToSQL
FNDA:100,arrayDimensionToSymbol
FNDA:100,castToSQL
FNDA:2,(anonymous_3)
FNDA:12,extractFunToSQL
FNDA:20,flattenArgToSQL
FNDA:4,flattenFunToSQL
FNDA:20,(anonymous_7)
FNDA:334,funcToSQL
FNDA:1,tablefuncFunToSQL
DA:6,2
DA:7,2
DA:8,2
DA:9,2
DA:10,2
DA:11,2
DA:12,2
DA:16,100
DA:17,2
DA:19,1
DA:21,1
DA:26,100
DA:27,100
DA:28,100
DA:29,100
DA:30,100
DA:31,100
DA:32,100
DA:33,100
DA:34,100
DA:35,100
DA:36,35
DA:37,35
DA:38,35
DA:40,100
DA:41,100
DA:42,100
DA:43,100
DA:44,100
DA:45,100
DA:49,12
DA:50,12
DA:51,12
DA:52,12
DA:56,20
DA:57,9
DA:58,9
DA:59,9
DA:63,4
DA:64,4
DA:65,20
DA:66,4
DA:70,334
DA:71,334
DA:72,334
DA:73,334
DA:74,334
DA:75,334
DA:76,320
DA:77,320
DA:78,320
DA:79,320
DA:80,320
DA:81,320
DA:82,320
DA:83,320
DA:87,1
DA:88,1
DA:89,1
DA:90,1
LF:60
LH:60
BRDA:9,0,0,1
BRDA:9,0,1,1
BRDA:16,1,0,98
BRDA:16,1,1,2
BRDA:16,2,0,100
BRDA:16,2,1,100
BRDA:17,3,0,1
BRDA:17,3,1,1
BRDA:26,4,0,29
BRDA:26,5,0,29
BRDA:29,6,0,11
BRDA:29,6,1,89
BRDA:29,7,0,3
BRDA:29,7,1,8
BRDA:30,8,0,10
BRDA:30,8,1,90
BRDA:31,9,0,2
BRDA:31,9,1,98
BRDA:31,10,0,100
BRDA:31,10,1,22
BRDA:35,11,0,35
BRDA:35,11,1,65
BRDA:41,12,0,23
BRDA:41,12,1,77
BRDA:42,13,0,1
BRDA:42,13,1,99
BRDA:56,14,0,11
BRDA:56,14,1,9
BRDA:74,15,0,286
BRDA:74,15,1,48
BRDA:75,16,0,14
BRDA:75,16,1,320
BRDA:76,17,0,320
BRDA:76,17,1,314
BRDA:77,18,0,13
BRDA:77,18,1,307
BRDA:79,19,0,1
BRDA:79,19,1,319
BRDA:81,20,0,319
BRDA:81,20,1,1
BRDA:83,21,0,7
BRDA:83,21,1,313
BRDA:88,22,0,0
BRDA:88,22,1,1
BRF:44
BRH:43
end_of_record
TN:
SF:src/index-definition.js
FN:10,indexTypeToSQL
FN:16,indexOptionToSQL
FN:52,indexOptionListToSQL
FN:57,indexTypeAndOptionToSQL
FN:68,(anonymous_4)
FN:77,indexDefinitionToSQL
FNF:6
FNH:6
FNDA:172,indexTypeToSQL
FNDA:149,indexOptionToSQL
FNDA:170,indexOptionListToSQL
FNDA:140,indexTypeAndOptionToSQL
FNDA:182,(anonymous_4)
FNDA:34,indexDefinitionToSQL
DA:11,172
DA:12,38
DA:13,38
DA:17,149
DA:18,148
DA:19,148
DA:20,148
DA:21,148
DA:22,148
DA:24,49
DA:25,49
DA:26,49
DA:29,8
DA:30,8
DA:31,8
DA:33,26
DA:34,26
DA:37,38
DA:39,14
DA:40,14
DA:41,14
DA:43,2
DA:44,2
DA:46,11
DA:47,11
DA:49,148
DA:53,170
DA:54,104
DA:64,140
DA:65,140
DA:66,140
DA:67,140
DA:68,182
DA:69,137
DA:71,140
DA:72,140
DA:73,140
DA:74,140
DA:78,34
DA:79,34
DA:80,34
DA:81,34
DA:82,34
DA:83,34
LF:44
LH:44
BRDA:11,0,0,134
BRDA:11,0,1,38
BRDA:17,1,0,1
BRDA:17,1,1,148
BRDA:22,2,0,49
BRDA:22,2,1,6
BRDA:22,2,2,8
BRDA:22,2,3,26
BRDA:22,2,4,24
BRDA:22,2,5,38
BRDA:22,2,6,14
BRDA:22,2,7,2
BRDA:22,2,8,11
BRDA:24,3,0,34
BRDA:24,3,1,15
BRDA:53,4,0,66
BRDA:53,4,1,104
BRDA:61,5,0,23
BRDA:67,6,0,137
BRDA:67,6,1,3
BRDA:67,7,0,140
BRDA:67,7,1,137
BRDA:68,8,0,16
BRDA:68,8,1,121
BRDA:72,9,0,1
BRDA:72,9,1,139
BRDA:73,10,0,1
BRDA:73,10,1,139
BRF:28
BRH:28
end_of_record
TN:
SF:src/insert.js
FN:12,valuesToSQL
FN:18,partitionToSQL
FN:31,conflictTargetToSQL
FN:40,conflictActionToSQL
FN:55,conflictToSQL
FN:62,insertToSQL
FNF:6
FNH:6
FNDA:46,valuesToSQL
FNDA:39,partitionToSQL
FNDA:2,conflictTargetToSQL
FNDA:2,conflictActionToSQL
FNDA:3,conflictToSQL
FNDA:39,insertToSQL
DA:13,46
DA:14,42
DA:15,42
DA:19,39
DA:20,6
DA:21,6
DA:22,5
DA:24,1
DA:25,1
DA:27,6
DA:28,6
DA:32,2
DA:33,1
DA:34,1
DA:36,1
DA:41,2
DA:42,2
DA:43,2
DA:44,2
DA:46,1
DA:47,1
DA:49,1
DA:50,1
DA:52,2
DA:56,3
DA:57,2
DA:58,2
DA:59,2
DA:75,39
DA:76,39
DA:77,39
DA:78,39
DA:79,39
DA:80,39
DA:81,39
DA:82,39
DA:83,39
DA:84,39
DA:85,39
LF:39
LH:39
BRDA:13,0,0,4
BRDA:13,0,1,42
BRDA:19,1,0,33
BRDA:19,1,1,6
BRDA:21,2,0,5
BRDA:21,2,1,1
BRDA:32,3,0,1
BRDA:32,3,1,1
BRDA:34,4,0,1
BRDA:44,5,0,1
BRDA:44,5,1,1
BRDA:56,6,0,1
BRDA:56,6,1,2
BRDA:66,7,0,12
BRDA:76,8,0,39
BRDA:76,8,1,36
BRDA:78,9,0,25
BRDA:78,9,1,14
BRDA:79,10,0,30
BRDA:79,10,1,9
BRF:20
BRH:20
end_of_record
TN:
SF:src/interval.js
FN:4,intervalToSQL
FNF:1
FNH:1
FNDA:19,intervalToSQL
DA:5,19
DA:6,19
DA:7,19
LF:3
LH:3
BRF:0
BRH:0
end_of_record
TN:
SF:src/json.js
FN:4,jsonExprToSQL
FN:6,(anonymous_1)
FNF:2
FNH:2
FNDA:3,jsonExprToSQL
FNDA:3,(anonymous_1)
DA:5,3
DA:6,3
DA:7,3
LF:3
LH:3
BRF:0
BRH:0
end_of_record
TN:
SF:src/limit.js
FN:4,composePrefixValSuffix
FN:9,fetchOffsetToSQL
FN:15,limitOffsetToSQL
FN:21,limitToSQL
FNF:4
FNH:4
FNDA:4,composePrefixValSuffix
FNDA:2,fetchOffsetToSQL
FNDA:239,limitOffsetToSQL
FNDA:2673,limitToSQL
DA:5,4
DA:6,3
DA:10,2
DA:11,2
DA:12,2
DA:16,239
DA:17,239
DA:18,238
DA:22,2673
DA:23,241
DA:24,239
LF:11
LH:11
BRDA:5,0,0,1
BRDA:5,0,1,3
BRDA:17,1,0,1
BRDA:17,1,1,238
BRDA:17,2,0,239
BRDA:17,2,1,24
BRDA:18,3,0,4
BRDA:18,3,1,234
BRDA:22,4,0,2432
BRDA:22,4,1,241
BRDA:23,5,0,2
BRDA:23,5,1,239
BRF:12
BRH:12
end_of_record
TN:
SF:src/over.js
FN:5,overToSQL
FNF:1
FNH:1
FNDA:478,overToSQL
DA:6,478
DA:7,53
DA:8,53
DA:9,53
DA:10,6
DA:11,5
DA:12,5
DA:13,5
DA:14,5
DA:16,1
LF:10
LH:10
BRDA:6,0,0,425
BRDA:6,0,1,53
BRDA:9,1,0,47
BRDA:9,1,1,6
BRDA:10,2,0,5
BRDA:10,2,1,1
BRDA:12,3,0,5
BRDA:12,3,1,4
BRDA:13,4,0,3
BRDA:13,4,1,2
BRF:10
BRH:10
end_of_record
TN:
SF:src/parser.all.js
FNF:0
FNH:0
LF:0
LH:0
BRF:0
BRH:0
end_of_record
TN:
SF:src/parser.js
FN:7,(anonymous_0)
FN:12,(anonymous_1)
FN:17,(anonymous_2)
FN:22,(anonymous_3)
FN:30,(anonymous_4)
FN:56,(anonymous_5)
FN:61,(anonymous_6)
FNF:7
FNH:7
FNDA:1493,(anonymous_0)
FNDA:1426,(anonymous_1)
FNDA:1,(anonymous_2)
FNDA:1530,(anonymous_3)
FNDA:17,(anonymous_4)
FNDA:7,(anonymous_5)
FNDA:7,(anonymous_6)
DA:8,1493
DA:9,1482
DA:13,1426
DA:14,1426
DA:18,1
DA:19,1
DA:23,1530
DA:24,1530
DA:25,1530
DA:26,1530
DA:27,1
DA:31,17
DA:32,15
DA:33,15
DA:34,14
DA:35,14
DA:36,14
DA:37,14
DA:38,14
DA:39,22
DA:40,22
DA:41,22
DA:42,22
DA:43,18
DA:44,18
DA:47,22
DA:48,4
DA:49,4
DA:50,4
DA:53,14
DA:57,7
DA:58,7
DA:62,7
DA:63,7
LF:34
LH:34
BRDA:7,0,0,674
BRDA:9,1,0,1482
BRDA:9,1,1,1482
BRDA:12,2,0,622
BRDA:17,3,0,1
BRDA:22,4,0,16
BRDA:23,5,0,8
BRDA:23,6,0,8
BRDA:23,6,1,8
BRDA:26,7,0,1529
BRDA:26,7,1,1
BRDA:26,8,0,1529
BRDA:26,8,1,833
BRDA:30,9,0,8
BRDA:31,10,0,2
BRDA:31,10,1,15
BRDA:31,11,0,17
BRDA:31,11,1,16
BRDA:32,12,0,1
BRDA:33,13,0,1
BRDA:33,13,1,14
BRDA:33,14,0,15
BRDA:33,14,1,14
BRDA:42,15,0,18
BRDA:42,15,1,4
BRDA:47,16,0,4
BRDA:47,16,1,18
BRDA:53,17,0,4
BRDA:53,17,1,10
BRDA:58,18,0,7
BRDA:58,18,1,7
BRDA:63,19,0,7
BRDA:63,19,1,7
BRF:33
BRH:33
end_of_record
TN:
SF:src/proc.js
FN:5,returnToSQL
FN:10,procToSQL
FNF:2
FNH:2
FNDA:7,returnToSQL
FNDA:9,procToSQL
DA:6,7
DA:7,7
DA:11,9
DA:12,9
DA:14,2
DA:16,7
LF:6
LH:6
BRDA:12,0,0,2
BRDA:12,0,1,7
BRF:2
BRH:2
end_of_record
TN:
SF:src/select.js
FN:8,distinctToSQL
FN:17,selectIntoToSQL
FN:48,forXmlToSQL
FN:56,selectToSQL
FNF:4
FNH:4
FNDA:1051,distinctToSQL
FNDA:20,selectIntoToSQL
FNDA:1051,forXmlToSQL
FNDA:1051,selectToSQL
DA:9,1051
DA:10,217
DA:11,212
DA:12,212
DA:13,212
DA:14,212
DA:18,20
DA:19,19
DA:20,19
DA:21,18
DA:22,18
DA:23,18
DA:24,18
DA:26,8
DA:27,8
DA:29,10
DA:31,18
DA:49,1051
DA:50,4
DA:51,4
DA:52,4
DA:53,2
DA:77,1051
DA:78,1051
DA:79,1051
DA:80,1051
DA:81,1051
DA:82,1051
DA:83,1051
DA:84,1051
DA:85,1051
DA:87,1051
DA:88,1051
DA:89,1051
DA:90,1051
DA:91,1051
DA:92,1051
DA:93,1051
DA:94,1051
DA:95,1051
DA:96,1051
DA:97,1051
DA:98,1051
DA:99,1051
DA:100,1051
DA:101,1051
DA:102,1051
LF:47
LH:47
BRDA:9,0,0,834
BRDA:9,0,1,217
BRDA:10,1,0,5
BRDA:10,1,1,212
BRDA:13,2,0,1
BRDA:13,2,1,211
BRDA:18,3,0,1
BRDA:18,3,1,19
BRDA:20,4,0,1
BRDA:20,4,1,18
BRDA:24,5,0,8
BRDA:24,5,1,10
BRDA:29,6,0,6
BRDA:29,6,1,4
BRDA:49,7,0,1047
BRDA:49,7,1,4
BRDA:52,8,0,2
BRDA:52,8,1,2
BRDA:63,9,0,930
BRDA:67,10,0,296
BRDA:80,11,0,1
BRDA:80,11,1,1050
BRDA:84,12,0,18
BRDA:84,12,1,1033
BRDA:85,13,0,10
BRDA:85,13,1,1041
BRDA:88,14,0,6
BRDA:88,14,1,1045
BRDA:89,15,0,1051
BRDA:89,15,1,118
BRDA:99,16,0,2
BRDA:99,16,1,1049
BRDA:102,17,0,37
BRDA:102,17,1,1014
BRF:34
BRH:34
end_of_record
TN:
SF:src/show.js
FN:6,showEventToSQL
FN:15,showLikeAndWhereToSQL
FN:23,showGrantsForUser
FN:29,(anonymous_3)
FN:32,showToSQL
FNF:5
FNH:5
FNDA:5,showEventToSQL
FNDA:6,showLikeAndWhereToSQL
FNDA:4,showGrantsForUser
FNDA:3,(anonymous_3)
FNDA:39,showToSQL
DA:7,5
DA:8,5
DA:16,6
DA:17,6
DA:18,4
DA:19,4
DA:20,2
DA:24,4
DA:25,4
DA:26,3
DA:27,3
DA:28,3
DA:29,3
DA:33,39
DA:34,39
DA:35,39
DA:36,39
DA:38,5
DA:39,5
DA:42,6
DA:43,6
DA:47,6
DA:48,6
DA:50,4
DA:51,4
DA:53,8
DA:54,8
DA:56,1
DA:57,1
DA:58,1
DA:60,9
DA:62,39
LF:32
LH:32
BRDA:9,0,0,5
BRDA:9,0,1,3
BRDA:17,1,0,2
BRDA:17,1,1,4
BRDA:19,2,0,2
BRDA:19,2,1,2
BRDA:25,3,0,1
BRDA:25,3,1,3
BRDA:28,4,0,2
BRDA:28,4,1,1
BRDA:29,5,0,3
BRDA:29,5,1,2
BRDA:29,6,0,3
BRDA:29,6,1,2
BRDA:36,7,0,5
BRDA:36,7,1,3
BRDA:36,7,2,6
BRDA:36,7,3,2
BRDA:36,7,4,4
BRDA:36,7,5,6
BRDA:36,7,6,4
BRDA:36,7,7,8
BRDA:36,7,8,1
BRDA:36,7,9,9
BRF:24
BRH:24
end_of_record
TN:
SF:src/sql.js
FN:5,checkSupported
FN:10,toSQL
FN:19,goToSQL
FN:23,(anonymous_3)
FN:26,astToSQL
FNF:5
FNH:5
FNDA:1481,checkSupported
FNDA:1437,toSQL
FNDA:9,goToSQL
FNDA:18,(anonymous_3)
FNDA:1433,astToSQL
DA:3,1
DA:6,1481
DA:7,1481
DA:11,1437
DA:12,338
DA:13,338
DA:15,1099
DA:16,1097
DA:20,9
DA:21,8
DA:22,8
DA:23,18
DA:27,1433
DA:28,1429
LF:14
LH:14
BRDA:6,0,0,1
BRDA:6,0,1,1480
BRDA:6,1,0,1481
BRDA:6,1,1,1481
BRDA:7,2,0,2
BRDA:7,2,1,1479
BRDA:11,3,0,338
BRDA:11,3,1,1099
BRDA:20,4,0,1
BRDA:20,4,1,8
BRDA:20,5,0,9
BRDA:20,5,1,9
BRDA:22,6,0,5
BRDA:22,6,1,3
BRDA:27,7,0,4
BRDA:27,7,1,1429
BRF:16
BRH:16
end_of_record
TN:
SF:src/tables.js
FN:8,unnestToSQL
FN:22,pivotOperatorToSQL
FN:35,operatorToSQL
FN:47,tableHintToSQL
FN:67,tableTumbleToSQL
FN:75,tableToSQL
FN:89,(anonymous_6)
FN:117,tablesToSQL
FN:142,tableOptionToSQL
FN:153,(anonymous_9)
FNF:10
FNH:10
FNDA:12,unnestToSQL
FNDA:4,pivotOperatorToSQL
FNDA:1401,operatorToSQL
FNDA:7,tableHintToSQL
FNDA:2,tableTumbleToSQL
FNDA:1411,tableToSQL
FNDA:12,(anonymous_6)
FNDA:1254,tablesToSQL
FNDA:106,tableOptionToSQL
FNDA:1,(anonymous_9)
DA:9,12
DA:10,12
DA:19,12
DA:23,4
DA:24,4
DA:30,4
DA:31,4
DA:32,4
DA:36,1401
DA:37,5
DA:38,5
DA:41,4
DA:43,1
DA:48,7
DA:49,6
DA:50,6
DA:51,6
DA:53,1
DA:54,1
DA:56,1
DA:57,1
DA:59,2
DA:60,2
DA:62,2
DA:64,6
DA:68,2
DA:69,1
DA:70,1
DA:71,1
DA:72,1
DA:76,1411
DA:77,1400
DA:78,1400
DA:79,1400
DA:80,1400
DA:81,1400
DA:82,1400
DA:83,83
DA:84,83
DA:86,12
DA:87,12
DA:88,12
DA:89,12
DA:90,12
DA:91,12
DA:92,12
DA:94,1
DA:95,1
DA:97,70
DA:100,1400
DA:101,1400
DA:102,1400
DA:103,1400
DA:104,1400
DA:105,1
DA:106,1
DA:108,1400
DA:109,1400
DA:110,1400
DA:118,1254
DA:119,1250
DA:120,3
DA:121,3
DA:122,3
DA:123,1
DA:125,1247
DA:126,1247
DA:127,1247
DA:128,1237
DA:129,1237
DA:130,93
DA:131,93
DA:132,93
DA:133,93
DA:134,93
DA:135,93
DA:136,93
DA:137,93
DA:139,1237
DA:143,106
DA:144,106
DA:145,106
DA:146,106
DA:147,106
DA:150,3
DA:151,3
DA:153,1
DA:154,1
DA:156,1
DA:157,1
DA:159,106
DA:160,106
LF:92
LH:92
BRDA:11,0,0,12
BRDA:11,0,1,11
BRDA:11,0,2,1
BRDA:14,1,0,12
BRDA:14,1,1,1
BRDA:16,2,0,12
BRDA:16,2,1,1
BRDA:31,3,0,3
BRDA:31,3,1,1
BRDA:36,4,0,1396
BRDA:36,4,1,5
BRDA:38,5,0,3
BRDA:38,5,1,4
BRDA:38,5,2,1
BRDA:48,6,0,1
BRDA:48,6,1,6
BRDA:51,7,0,1
BRDA:51,7,1,1
BRDA:51,7,2,2
BRDA:51,7,3,2
BRDA:59,8,0,1
BRDA:59,8,1,1
BRDA:68,9,0,1
BRDA:68,9,1,1
BRDA:76,10,0,11
BRDA:76,10,1,1400
BRDA:81,11,0,1400
BRDA:81,11,1,1317
BRDA:82,12,0,83
BRDA:82,12,1,1317
BRDA:84,13,0,12
BRDA:84,13,1,1
BRDA:84,13,2,70
BRDA:87,14,0,12
BRDA:87,14,1,11
BRDA:87,15,0,12
BRDA:87,15,1,11
BRDA:89,16,0,4
BRDA:89,16,1,8
BRDA:102,17,0,4
BRDA:102,17,1,1396
BRDA:104,18,0,1
BRDA:104,18,1,1399
BRDA:109,19,0,6
BRDA:109,19,1,1394
BRDA:118,20,0,4
BRDA:118,20,1,1250
BRDA:119,21,0,3
BRDA:119,21,1,1247
BRDA:122,22,0,2
BRDA:122,22,1,1
BRDA:127,23,0,10
BRDA:127,23,1,1237
BRDA:133,24,0,75
BRDA:133,24,1,18
BRDA:136,25,0,5
BRDA:136,25,1,88
BRDA:145,26,0,94
BRDA:145,26,1,12
BRDA:147,27,0,2
BRDA:147,27,1,3
BRDA:147,27,2,1
BRDA:147,27,3,1
BRF:63
BRH:63
end_of_record
TN:
SF:src/transaction.js
FN:3,transactionToSQL
FNF:1
FNH:1
FNDA:3,transactionToSQL
DA:4,3
DA:5,3
LF:2
LH:2
BRF:0
BRH:0
end_of_record
TN:
SF:src/union.js
FN:65,unionToSQL
FN:80,multipleToSQL
FNF:2
FNH:2
FNDA:1528,unionToSQL
FNDA:349,multipleToSQL
DA:32,1
DA:66,1528
DA:67,1524
DA:68,1524
DA:69,1524
DA:70,1522
DA:71,58
DA:72,58
DA:73,58
DA:74,58
DA:76,1522
DA:77,1522
DA:81,349
DA:82,349
DA:83,402
DA:84,402
DA:85,402
DA:86,402
DA:88,349
LF:19
LH:19
BRDA:66,0,0,4
BRDA:66,0,1,1524
BRDA:69,1,0,1524
BRDA:69,1,1,1
BRDA:76,2,0,1522
BRDA:76,2,1,1
BRDA:83,3,0,1
BRDA:83,3,1,401
BRDA:83,4,0,402
BRDA:83,4,1,402
BRDA:85,5,0,2
BRDA:85,5,1,400
BRDA:85,6,0,402
BRDA:85,6,1,348
BRF:14
BRH:14
end_of_record
TN:
SF:src/update.js
FN:12,setToSQL
FN:29,updateToSQL
FNF:2
FNH:2
FNDA:71,setToSQL
FNDA:59,updateToSQL
DA:13,71
DA:14,70
DA:15,70
DA:16,85
DA:17,85
DA:18,85
DA:19,85
DA:20,85
DA:21,84
DA:22,84
DA:24,85
DA:26,70
DA:30,59
DA:31,59
DA:42,59
LF:15
LH:15
BRDA:13,0,0,1
BRDA:13,0,1,70
BRDA:13,1,0,71
BRDA:13,1,1,71
BRDA:20,2,0,84
BRDA:20,2,1,1
BRF:6
BRH:6
end_of_record
TN:
SF:src/util.js
FN:23,commonOptionConnector
FN:29,connector
FN:38,createValueExpr
FN:60,createBinaryExpr
FN:81,replaceParamsInner
FN:83,(anonymous_5)
FN:87,(anonymous_6)
FN:98,escape
FN:110,getParserOpt
FN:114,setParserOpt
FN:118,topToSQL
FN:127,columnIdentifierToSql
FN:147,identifierToSql
FN:172,commonTypeValue
FN:182,toUpper
FN:187,hasVal
FN:191,literalToSQL
FN:261,replaceParams
FN:265,onPartitionsToSQL
FN:269,(anonymous_19)
FN:279,dataTypeToSQL
FN:288,arrayStructTypeToSQL
FN:294,(anonymous_22)
FN:304,commentToSQL
FN:314,triggerEventToSQL
FN:315,(anonymous_25)
FN:326,returningToSQL
FN:332,commonKeywordArgsToSQL
FN:337,autoIncrementToSQL
FN:354,columnOrderListToSQL
FNF:30
FNH:30
FNDA:11369,commonOptionConnector
FNDA:1467,connector
FNDA:17,createValueExpr
FNDA:4,createBinaryExpr
FNDA:75,replaceParamsInner
FNDA:266,(anonymous_5)
FNDA:76,(anonymous_6)
FNDA:325,escape
FNDA:9623,getParserOpt
FNDA:2959,setParserOpt
FNDA:1051,topToSQL
FNDA:19,columnIdentifierToSql
FNDA:9083,identifierToSql
FNDA:2141,commonTypeValue
FNDA:17838,toUpper
FNDA:89713,hasVal
FNDA:2988,literalToSQL
FNDA:8,replaceParams
FNDA:2,onPartitionsToSQL
FNDA:6,(anonymous_19)
FNDA:39,dataTypeToSQL
FNDA:18,arrayStructTypeToSQL
FNDA:11,(anonymous_22)
FNDA:473,commentToSQL
FNDA:5,triggerEventToSQL
FNDA:7,(anonymous_25)
FNDA:98,returningToSQL
FNDA:10,commonKeywordArgsToSQL
FNDA:452,autoIncrementToSQL
FNDA:25,columnOrderListToSQL
DA:15,1
DA:21,1
DA:24,11369
DA:25,1557
DA:26,1545
DA:30,1467
DA:31,249
DA:39,17
DA:40,17
DA:41,16
DA:42,15
DA:44,1
DA:46,3
DA:48,10
DA:50,1
DA:61,4
DA:62,4
DA:63,4
DA:64,1
DA:68,1
DA:70,3
DA:71,2
DA:82,75
DA:84,266
DA:85,266
DA:88,76
DA:89,76
DA:90,9
DA:91,8
DA:92,8
DA:95,73
DA:99,325
DA:111,9623
DA:115,2959
DA:119,1051
DA:120,6
DA:121,6
DA:122,6
DA:123,6
DA:124,2
DA:128,19
DA:129,19
DA:130,18
DA:136,5
DA:138,2
DA:143,11
DA:148,9083
DA:149,9083
DA:150,9082
DA:151,4923
DA:152,4913
DA:156,3129
DA:161,593
DA:163,531
DA:166,358
DA:168,302
DA:173,2141
DA:174,2141
DA:175,42
DA:176,42
DA:177,42
DA:178,42
DA:179,42
DA:183,17838
DA:184,3159
DA:188,89713
DA:192,2988
DA:193,2881
DA:194,2881
DA:195,2881
DA:196,2881
DA:198,1
DA:199,1
DA:201,29
DA:202,29
DA:204,2
DA:205,2
DA:207,31
DA:208,31
DA:210,5
DA:211,5
DA:213,2
DA:214,2
DA:216,8
DA:217,8
DA:219,243
DA:220,243
DA:222,632
DA:223,632
DA:226,35
DA:227,35
DA:229,115
DA:230,115
DA:232,9
DA:233,9
DA:235,6
DA:236,6
DA:237,6
DA:239,284
DA:240,284
DA:245,12
DA:246,12
DA:248,4
DA:249,4
DA:251,1463
DA:253,2881
DA:254,2881
DA:255,2881
DA:256,2881
DA:257,2881
DA:258,2881
DA:262,8
DA:266,2
DA:267,2
DA:270,6
DA:271,6
DA:272,2
DA:273,2
DA:276,2
DA:280,39
DA:281,39
DA:282,39
DA:283,39
DA:284,39
DA:285,39
DA:289,18
DA:290,17
DA:291,17
DA:292,17
DA:293,17
DA:294,9
DA:297,11
DA:298,11
DA:299,11
DA:301,9
DA:305,473
DA:306,34
DA:307,34
DA:308,34
DA:309,34
DA:310,34
DA:311,34
DA:315,5
DA:316,7
DA:317,7
DA:318,7
DA:319,1
DA:320,1
DA:322,7
DA:327,98
DA:328,11
DA:329,11
DA:333,10
DA:334,7
DA:338,452
DA:339,28
DA:340,20
DA:341,20
DA:343,1
DA:345,19
DA:348,8
DA:349,8
DA:350,8
DA:351,8
DA:355,25
DA:356,24
LF:166
LH:166
BRDA:16,0,0,1
BRDA:16,0,1,1
BRDA:24,1,0,9812
BRDA:24,1,1,1557
BRDA:25,2,0,12
BRDA:25,2,1,1545
BRDA:30,3,0,1218
BRDA:30,3,1,249
BRDA:40,4,0,1
BRDA:40,4,1,16
BRDA:41,5,0,1
BRDA:41,5,1,15
BRDA:42,6,0,1
BRDA:42,6,1,3
BRDA:42,6,2,10
BRDA:42,6,3,1
BRDA:62,7,0,3
BRDA:62,7,1,1
BRDA:63,8,0,1
BRDA:63,8,1,3
BRDA:63,9,0,4
BRDA:63,9,1,3
BRDA:70,10,0,1
BRDA:70,10,1,1
BRDA:85,11,0,266
BRDA:85,11,1,250
BRDA:85,11,2,180
BRDA:89,12,0,67
BRDA:89,12,1,9
BRDA:89,13,0,76
BRDA:89,13,1,76
BRDA:90,14,0,1
BRDA:90,14,1,8
BRDA:119,15,0,1045
BRDA:119,15,1,6
BRDA:121,16,0,1
BRDA:121,16,1,5
BRDA:123,17,0,4
BRDA:123,17,1,2
BRDA:129,18,0,1
BRDA:129,18,1,18
BRDA:130,19,0,3
BRDA:130,19,1,3
BRDA:130,19,2,4
BRDA:130,19,3,5
BRDA:130,19,4,5
BRDA:130,19,5,2
BRDA:130,19,6,7
BRDA:130,19,7,8
BRDA:130,19,8,8
BRDA:130,19,9,11
BRDA:130,20,0,18
BRDA:130,20,1,18
BRDA:149,21,0,1
BRDA:149,21,1,9082
BRDA:150,22,0,4159
BRDA:150,22,1,4923
BRDA:151,23,0,10
BRDA:151,23,1,4913
BRDA:152,24,0,2348
BRDA:152,24,1,3007
BRDA:152,24,2,3129
BRDA:152,24,3,461
BRDA:152,24,4,538
BRDA:152,24,5,593
BRDA:152,24,6,593
BRDA:152,24,7,531
BRDA:152,24,8,348
BRDA:152,24,9,358
BRDA:152,24,10,302
BRDA:152,25,0,4913
BRDA:152,25,1,4912
BRDA:174,26,0,2099
BRDA:174,26,1,42
BRDA:177,27,0,4
BRDA:177,27,1,38
BRDA:183,28,0,14679
BRDA:183,28,1,3159
BRDA:192,29,0,107
BRDA:192,29,1,2881
BRDA:195,30,0,47
BRDA:195,30,1,2834
BRDA:196,31,0,1
BRDA:196,31,1,29
BRDA:196,31,2,2
BRDA:196,31,3,31
BRDA:196,31,4,5
BRDA:196,31,5,2
BRDA:196,31,6,8
BRDA:196,31,7,243
BRDA:196,31,8,632
BRDA:196,31,9,1
BRDA:196,31,10,35
BRDA:196,31,11,115
BRDA:196,31,12,9
BRDA:196,31,13,6
BRDA:196,31,14,284
BRDA:196,31,15,2
BRDA:196,31,16,8
BRDA:196,31,17,9
BRDA:196,31,18,12
BRDA:196,31,19,4
BRDA:196,31,20,1463
BRDA:226,32,0,24
BRDA:226,32,1,11
BRDA:235,33,0,6
BRDA:235,33,1,4
BRDA:254,34,0,30
BRDA:254,34,1,2851
BRDA:256,35,0,5
BRDA:256,35,1,2876
BRDA:256,36,0,4
BRDA:256,36,1,1
BRDA:256,37,0,5
BRDA:256,37,1,4
BRDA:258,38,0,9
BRDA:258,38,1,2872
BRDA:271,39,0,4
BRDA:271,39,1,2
BRDA:282,40,0,3
BRDA:282,40,1,36
BRDA:282,41,0,1
BRDA:282,41,1,2
BRDA:283,42,0,2
BRDA:283,42,1,37
BRDA:284,43,0,3
BRDA:284,43,1,36
BRDA:284,44,0,39
BRDA:284,44,1,21
BRDA:289,45,0,1
BRDA:289,45,1,17
BRDA:292,46,0,17
BRDA:292,46,1,11
BRDA:293,47,0,8
BRDA:293,47,1,9
BRDA:294,48,0,9
BRDA:294,48,1,8
BRDA:301,49,0,8
BRDA:301,49,1,1
BRDA:305,50,0,439
BRDA:305,50,1,34
BRDA:309,51,0,1
BRDA:309,51,1,33
BRDA:318,52,0,1
BRDA:318,52,1,6
BRDA:327,53,0,87
BRDA:327,53,1,11
BRDA:333,54,0,3
BRDA:333,54,1,7
BRDA:338,55,0,424
BRDA:338,55,1,28
BRDA:339,56,0,20
BRDA:339,56,1,8
BRDA:341,57,0,1
BRDA:341,57,1,19
BRDA:341,58,0,20
BRDA:341,58,1,20
BRDA:350,59,0,6
BRDA:350,59,1,2
BRDA:355,60,0,1
BRDA:355,60,1,24
BRF:161
BRH:161
end_of_record
TN:
SF:src/window.js
FN:5,windowSpecificationToSQL
FN:21,asWindowSpecToSQL
FN:27,namedWindowExprToSQL
FN:32,namedWindowExprListToSQL
FN:37,isConsiderNullsInArgs
FN:49,constructArgsList
FN:58,windowFuncToSQL
FNF:7
FNH:7
FNDA:46,windowSpecificationToSQL
FNDA:58,asWindowSpecToSQL
FNDA:11,namedWindowExprToSQL
FNDA:6,namedWindowExprListToSQL
FNDA:7,isConsiderNullsInArgs
FNDA:7,constructArgsList
FNDA:7,windowFuncToSQL
DA:11,46
DA:12,46
DA:18,46
DA:22,58
DA:23,46
DA:24,46
DA:28,11
DA:29,11
DA:33,6
DA:34,6
DA:39,7
DA:43,4
DA:45,3
DA:50,7
DA:51,7
DA:53,7
DA:54,7
DA:55,7
DA:59,7
DA:60,7
DA:61,7
DA:62,7
LF:22
LH:22
BRDA:22,0,0,12
BRDA:22,0,1,46
BRDA:39,1,0,1
BRDA:39,1,1,2
BRDA:39,1,2,4
BRDA:39,1,3,3
BRDA:50,2,0,2
BRDA:51,3,0,5
BRDA:51,3,1,2
BRDA:54,4,0,7
BRDA:54,4,1,4
BRDA:54,5,0,7
BRDA:54,5,1,2
BRDA:54,6,0,7
BRDA:54,6,1,3
BRF:15
BRH:15
end_of_record
TN:
SF:src/with.js
FN:8,withToSQL
FN:11,(anonymous_1)
FNF:2
FNH:2
FNDA:1146,withToSQL
FNDA:43,(anonymous_1)
DA:9,1146
DA:10,36
DA:11,36
DA:12,43
DA:13,43
DA:14,43
DA:17,36
LF:7
LH:7
BRDA:9,0,0,1110
BRDA:9,0,1,36
BRDA:9,1,0,1146
BRDA:9,1,1,36
BRDA:10,2,0,1
BRDA:10,2,1,35
BRDA:13,3,0,4
BRDA:13,3,1,39
BRDA:14,4,0,42
BRDA:14,4,1,1
BRF:10
BRH:10
end_of_record
